#
# There is insufficient memory for the Java Runtime Environment to continue.
# Native memory allocation (malloc) failed to allocate 55574528 bytes for committing reserved memory.
# Possible reasons:
#   The system is out of physical RAM or swap space
#   In 32 bit mode, the process size limit was hit
# Possible solutions:
#   Reduce memory load on the system
#   Increase physical memory or swap space
#   Check if swap backing store is full
#   Use 64 bit Java on a 64 bit OS
#   Decrease Java heap size (-Xmx/-Xms)
#   Decrease number of Java threads
#   Decrease Java thread stack sizes (-Xss)
#   Set larger code cache with -XX:ReservedCodeCacheSize=
# This output file may be truncated or incomplete.
#
#  Out of Memory Error (os_linux.cpp:2827), pid=24315, tid=139898882303744
#
# JRE version: OpenJDK Runtime Environment (7.0_101) (build 1.7.0_101-b00)
# Java VM: OpenJDK 64-Bit Server VM (24.95-b01 mixed mode linux-amd64 compressed oops)
# Derivative: IcedTea 2.6.6
# Distribution: Ubuntu 14.04 LTS, package 7u101-2.6.6-0ubuntu0.14.04.1
# Failed to write core dump. Core dumps have been disabled. To enable core dumping, try "ulimit -c unlimited" before starting Java again
#

---------------  T H R E A D  ---------------

Current thread (0x00007f3cd007e000):  VMThread [stack: 0x00007f3cbf1f2000,0x00007f3cbf2f3000] [id=24335]

Stack: [0x00007f3cbf1f2000,0x00007f3cbf2f3000],  sp=0x00007f3cbf2f1490,  free space=1021k
Native frames: (J=compiled Java code, j=interpreted, Vv=VM code, C=native code)
V  [libjvm.so+0x955705]
V  [libjvm.so+0x490c44]
V  [libjvm.so+0x7d0c9b]
V  [libjvm.so+0x7cb75f]
V  [libjvm.so+0x83ee5b]
V  [libjvm.so+0x83fcc0]
V  [libjvm.so+0x8403ab]
V  [libjvm.so+0x83c5e8]
V  [libjvm.so+0x83ce58]
V  [libjvm.so+0x7f34a3]
V  [libjvm.so+0x957104]
V  [libjvm.so+0x95b207]
V  [libjvm.so+0x959cc8]
V  [libjvm.so+0x95a129]
V  [libjvm.so+0x95a572]
V  [libjvm.so+0x7cdb62]

VM_Operation (0x00007f3cb78f0400): ParallelGCFailedAllocation, mode: safepoint, requested by thread 0x00007f3c48004800


---------------  P R O C E S S  ---------------

Java Threads: ( => current thread )
  0x00007f3c48004800 JavaThread "http-nio-8090-exec-6" daemon [_thread_blocked, id=24389, stack(0x00007f3cb77f8000,0x00007f3cb78f9000)]
  0x00007f3c48003800 JavaThread "http-nio-8090-exec-5" daemon [_thread_blocked, id=24377, stack(0x00007f3cb78f9000,0x00007f3cb79fa000)]
  0x00007f3c54002000 JavaThread "http-nio-8090-exec-4" daemon [_thread_blocked, id=24376, stack(0x00007f3cb79fa000,0x00007f3cb7afb000)]
  0x00007f3c48003000 JavaThread "http-nio-8090-exec-3" daemon [_thread_blocked, id=24375, stack(0x00007f3cbc9bb000,0x00007f3cbcabc000)]
  0x00007f3c54001000 JavaThread "http-nio-8090-exec-2" daemon [_thread_blocked, id=24374, stack(0x00007f3cbc454000,0x00007f3cbc555000)]
  0x00007f3c48001800 JavaThread "http-nio-8090-exec-1" daemon [_thread_blocked, id=24373, stack(0x00007f3cbc33e000,0x00007f3cbc43f000)]
  0x00007f3c74f46800 JavaThread "http-nio-8090-Acceptor-0" daemon [_thread_in_native, id=24372, stack(0x00007f3cb7afb000,0x00007f3cb7bfc000)]
  0x00007f3c74f44000 JavaThread "http-nio-8090-ClientPoller-1" daemon [_thread_blocked, id=24371, stack(0x00007f3cb7bfc000,0x00007f3cb7cfd000)]
  0x00007f3c74f35800 JavaThread "http-nio-8090-ClientPoller-0" daemon [_thread_blocked, id=24370, stack(0x00007f3cb7cfd000,0x00007f3cb7dfe000)]
  0x00007f3c74f0d800 JavaThread "NioBlockingSelector.BlockPoller-1" daemon [_thread_blocked, id=24369, stack(0x00007f3cb7dfe000,0x00007f3cb7eff000)]
  0x00007f3c744f6000 JavaThread "Abandoned connection cleanup thread" daemon [_thread_blocked, id=24362, stack(0x00007f3cb7eff000,0x00007f3cb8000000)]
  0x00007f3c74517000 JavaThread "Tomcat JDBC Pool Cleaner[2045524302:1471258629472]" daemon [_thread_blocked, id=24361, stack(0x00007f3cbc03b000,0x00007f3cbc13c000)]
  0x00007f3c74630800 JavaThread "container-0" [_thread_blocked, id=24360, stack(0x00007f3cbc13c000,0x00007f3cbc23d000)]
  0x00007f3c6c0f1000 JavaThread "ContainerBackgroundProcessor[StandardEngine[Tomcat].StandardHost[localhost].StandardContext[]]" daemon [_thread_blocked, id=24359, stack(0x00007f3cbc23d000,0x00007f3cbc33e000)]
  0x00007f3cd00b7000 JavaThread "Service Thread" daemon [_thread_blocked, id=24341, stack(0x00007f3cbe50a000,0x00007f3cbe60b000)]
  0x00007f3cd00b4800 JavaThread "C2 CompilerThread1" daemon [_thread_blocked, id=24340, stack(0x00007f3cbe60b000,0x00007f3cbe70c000)]
  0x00007f3cd00b1800 JavaThread "C2 CompilerThread0" daemon [_thread_blocked, id=24339, stack(0x00007f3cbe70c000,0x00007f3cbe80d000)]
  0x00007f3cd00af800 JavaThread "Signal Dispatcher" daemon [_thread_blocked, id=24338, stack(0x00007f3cbe80d000,0x00007f3cbe90e000)]
  0x00007f3cd0084800 JavaThread "Finalizer" daemon [_thread_blocked, id=24337, stack(0x00007f3cbeff0000,0x00007f3cbf0f1000)]
  0x00007f3cd0082800 JavaThread "Reference Handler" daemon [_thread_blocked, id=24336, stack(0x00007f3cbf0f1000,0x00007f3cbf1f2000)]
  0x00007f3cd000a000 JavaThread "main" [_thread_blocked, id=24326, stack(0x00007f3cd7978000,0x00007f3cd7a79000)]

Other Threads:
=>0x00007f3cd007e000 VMThread [stack: 0x00007f3cbf1f2000,0x00007f3cbf2f3000] [id=24335]
  0x00007f3cd00c1800 WatcherThread [stack: 0x00007f3cbe409000,0x00007f3cbe50a000] [id=24342]

VM state:at safepoint (normal execution)

VM Mutex/Monitor currently owned by a thread:  ([mutex/lock_event])
[0x00007f3cd0006500] Threads_lock - owner thread: 0x00007f3cd007e000
[0x00007f3cd0006a00] Heap_lock - owner thread: 0x00007f3c48004800

Heap
 PSYoungGen      total 400896K, used 32746K [0x00000000e1e00000, 0x00000000fcb00000, 0x0000000100000000)
  eden space 368128K, 0% used [0x00000000e1e00000,0x00000000e1e00000,0x00000000f8580000)
  from space 32768K, 99% used [0x00000000f8580000,0x00000000fa57ab00,0x00000000fa580000)
  to   space 27136K, 0% used [0x00000000fa580000,0x00000000fa580000,0x00000000fc000000)
 ParOldGen       total 61440K, used 53895K [0x00000000a5a00000, 0x00000000a9600000, 0x00000000e1e00000)
  object space 61440K, 87% used [0x00000000a5a00000,0x00000000a8ea1d88,0x00000000a9600000)
 PSPermGen       total 66560K, used 66192K [0x000000009b400000, 0x000000009f500000, 0x00000000a5a00000)
  object space 66560K, 99% used [0x000000009b400000,0x000000009f4a43e0,0x000000009f500000)

Card table byte_map: [0x00007f3cd4289000,0x00007f3cd45b0000] byte_map_base: 0x00007f3cd3daf000

Polling page: 0x00007f3cd7a9a000

Code Cache  [0x00007f3ccd000000, 0x00007f3ccd5e0000, 0x00007f3cd0000000)
 total_blobs=1977 nmethods=1270 adapters=658 free_code_cache=43278Kb largest_free_block=44228160

Compilation events (10 events):
Event: 28.934 Thread 0x00007f3cd00b4800 nmethod 1539 0x00007f3ccd3766d0 code [0x00007f3ccd376820, 0x00007f3ccd376978]
Event: 29.003 Thread 0x00007f3cd00b1800 1540 %           sun.nio.cs.UTF_8$Encoder::encodeArrayLoop @ 73 (489 bytes)
Event: 29.037 Thread 0x00007f3cd00b1800 nmethod 1540% 0x00007f3ccd3771d0 code [0x00007f3ccd377400, 0x00007f3ccd378090]
Event: 29.337 Thread 0x00007f3cd00b4800 1541   !         sun.nio.cs.ISO_8859_1$Decoder::decodeArrayLoop (263 bytes)
Event: 29.374 Thread 0x00007f3cd00b1800 1542             java.nio.Buffer::limit (5 bytes)
Event: 29.375 Thread 0x00007f3cd00b1800 nmethod 1542 0x00007f3ccd547c50 code [0x00007f3ccd547d80, 0x00007f3ccd547dd8]
Event: 29.382 Thread 0x00007f3cd00b4800 nmethod 1541 0x00007f3ccd154350 code [0x00007f3ccd154500, 0x00007f3ccd154a90]
Event: 32.728 Thread 0x00007f3cd00b4800 1543             sun.nio.cs.UTF_8$Encoder::encodeArrayLoop (489 bytes)
Event: 32.753 Thread 0x00007f3cd00b4800 nmethod 1543 0x00007f3ccd1c3190 code [0x00007f3ccd1c33a0, 0x00007f3ccd1c3ed0]
Event: 32.872 Thread 0x00007f3cd00b1800 1544 % !         java.net.URL::<init> @ 147 (543 bytes)

GC Heap History (10 events):
Event: 3.783 GC heap after
Heap after GC invocations=4 (full 0):
 PSYoungGen      total 99840K, used 3552K [0x00000000e1e00000, 0x00000000e8300000, 0x0000000100000000)
  eden space 96256K, 0% used [0x00000000e1e00000,0x00000000e1e00000,0x00000000e7c00000)
  from space 3584K, 99% used [0x00000000e7f80000,0x00000000e82f8020,0x00000000e8300000)
  to   space 3584K, 0% used [0x00000000e7c00000,0x00000000e7c00000,0x00000000e7f80000)
 ParOldGen       total 61440K, used 6941K [0x00000000a5a00000, 0x00000000a9600000, 0x00000000e1e00000)
  object space 61440K, 11% used [0x00000000a5a00000,0x00000000a60c7490,0x00000000a9600000)
 PSPermGen       total 21504K, used 14323K [0x000000009b400000, 0x000000009c900000, 0x00000000a5a00000)
  object space 21504K, 66% used [0x000000009b400000,0x000000009c1fcdd8,0x000000009c900000)
}
Event: 5.638 GC heap before
{Heap before GC invocations=5 (full 0):
 PSYoungGen      total 99840K, used 99808K [0x00000000e1e00000, 0x00000000e8300000, 0x0000000100000000)
  eden space 96256K, 100% used [0x00000000e1e00000,0x00000000e7c00000,0x00000000e7c00000)
  from space 3584K, 99% used [0x00000000e7f80000,0x00000000e82f8020,0x00000000e8300000)
  to   space 3584K, 0% used [0x00000000e7c00000,0x00000000e7c00000,0x00000000e7f80000)
 ParOldGen       total 61440K, used 6941K [0x00000000a5a00000, 0x00000000a9600000, 0x00000000e1e00000)
  object space 61440K, 11% used [0x00000000a5a00000,0x00000000a60c7490,0x00000000a9600000)
 PSPermGen       total 21504K, used 15975K [0x000000009b400000, 0x000000009c900000, 0x00000000a5a00000)
  object space 21504K, 74% used [0x000000009b400000,0x000000009c399fd8,0x000000009c900000)
Event: 5.657 GC heap after
Heap after GC invocations=5 (full 0):
 PSYoungGen      total 99840K, used 3568K [0x00000000e1e00000, 0x00000000eef00000, 0x0000000100000000)
  eden space 96256K, 0% used [0x00000000e1e00000,0x00000000e1e00000,0x00000000e7c00000)
  from space 3584K, 99% used [0x00000000e7c00000,0x00000000e7f7c010,0x00000000e7f80000)
  to   space 10752K, 0% used [0x00000000ee480000,0x00000000ee480000,0x00000000eef00000)
 ParOldGen       total 61440K, used 13165K [0x00000000a5a00000, 0x00000000a9600000, 0x00000000e1e00000)
  object space 61440K, 21% used [0x00000000a5a00000,0x00000000a66db7d8,0x00000000a9600000)
 PSPermGen       total 21504K, used 15975K [0x000000009b400000, 0x000000009c900000, 0x00000000a5a00000)
  object space 21504K, 74% used [0x000000009b400000,0x000000009c399fd8,0x000000009c900000)
}
Event: 7.411 GC heap before
{Heap before GC invocations=6 (full 0):
 PSYoungGen      total 99840K, used 99824K [0x00000000e1e00000, 0x00000000eef00000, 0x0000000100000000)
  eden space 96256K, 100% used [0x00000000e1e00000,0x00000000e7c00000,0x00000000e7c00000)
  from space 3584K, 99% used [0x00000000e7c00000,0x00000000e7f7c010,0x00000000e7f80000)
  to   space 10752K, 0% used [0x00000000ee480000,0x00000000ee480000,0x00000000eef00000)
 ParOldGen       total 61440K, used 13165K [0x00000000a5a00000, 0x00000000a9600000, 0x00000000e1e00000)
  object space 61440K, 21% used [0x00000000a5a00000,0x00000000a66db7d8,0x00000000a9600000)
 PSPermGen       total 21504K, used 19779K [0x000000009b400000, 0x000000009c900000, 0x00000000a5a00000)
  object space 21504K, 91% used [0x000000009b400000,0x000000009c750d10,0x000000009c900000)
Event: 7.442 GC heap after
Heap after GC invocations=6 (full 0):
 PSYoungGen      total 197632K, used 10745K [0x00000000e1e00000, 0x00000000efa00000, 0x0000000100000000)
  eden space 186880K, 0% used [0x00000000e1e00000,0x00000000e1e00000,0x00000000ed480000)
  from space 10752K, 99% used [0x00000000ee480000,0x00000000eeefe760,0x00000000eef00000)
  to   space 16384K, 0% used [0x00000000ed480000,0x00000000ed480000,0x00000000ee480000)
 ParOldGen       total 61440K, used 19899K [0x00000000a5a00000, 0x00000000a9600000, 0x00000000e1e00000)
  object space 61440K, 32% used [0x00000000a5a00000,0x00000000a6d6eed8,0x00000000a9600000)
 PSPermGen       total 21504K, used 19779K [0x000000009b400000, 0x000000009c900000, 0x00000000a5a00000)
  object space 21504K, 91% used [0x000000009b400000,0x000000009c750d10,0x000000009c900000)
}
Event: 11.443 GC heap before
{Heap before GC invocations=7 (full 0):
 PSYoungGen      total 197632K, used 197625K [0x00000000e1e00000, 0x00000000efa00000, 0x0000000100000000)
  eden space 186880K, 100% used [0x00000000e1e00000,0x00000000ed480000,0x00000000ed480000)
  from space 10752K, 99% used [0x00000000ee480000,0x00000000eeefe760,0x00000000eef00000)
  to   space 16384K, 0% used [0x00000000ed480000,0x00000000ed480000,0x00000000ee480000)
 ParOldGen       total 61440K, used 19899K [0x00000000a5a00000, 0x00000000a9600000, 0x00000000e1e00000)
  object space 61440K, 32% used [0x00000000a5a00000,0x00000000a6d6eed8,0x00000000a9600000)
 PSPermGen       total 35328K, used 35217K [0x000000009b400000, 0x000000009d680000, 0x00000000a5a00000)
  object space 35328K, 99% used [0x000000009b400000,0x000000009d664788,0x000000009d680000)
Event: 11.550 GC heap after
Heap after GC invocations=7 (full 0):
 PSYoungGen      total 203264K, used 16372K [0x00000000e1e00000, 0x00000000fc000000, 0x0000000100000000)
  eden space 186880K, 0% used [0x00000000e1e00000,0x00000000e1e00000,0x00000000ed480000)
  from space 16384K, 99% used [0x00000000ed480000,0x00000000ee47d000,0x00000000ee480000)
  to   space 27136K, 0% used [0x00000000fa580000,0x00000000fa580000,0x00000000fc000000)
 ParOldGen       total 61440K, used 35353K [0x00000000a5a00000, 0x00000000a9600000, 0x00000000e1e00000)
  object space 61440K, 57% used [0x00000000a5a00000,0x00000000a7c86620,0x00000000a9600000)
 PSPermGen       total 35328K, used 35217K [0x000000009b400000, 0x000000009d680000, 0x00000000a5a00000)
  object space 35328K, 99% used [0x000000009b400000,0x000000009d664788,0x000000009d680000)
}
Event: 14.623 GC heap before
{Heap before GC invocations=8 (full 0):
 PSYoungGen      total 203264K, used 203252K [0x00000000e1e00000, 0x00000000fc000000, 0x0000000100000000)
  eden space 186880K, 100% used [0x00000000e1e00000,0x00000000ed480000,0x00000000ed480000)
  from space 16384K, 99% used [0x00000000ed480000,0x00000000ee47d000,0x00000000ee480000)
  to   space 27136K, 0% used [0x00000000fa580000,0x00000000fa580000,0x00000000fc000000)
 ParOldGen       total 61440K, used 35353K [0x00000000a5a00000, 0x00000000a9600000, 0x00000000e1e00000)
  object space 61440K, 57% used [0x00000000a5a00000,0x00000000a7c86620,0x00000000a9600000)
 PSPermGen       total 41472K, used 41206K [0x000000009b400000, 0x000000009dc80000, 0x00000000a5a00000)
  object space 41472K, 99% used [0x000000009b400000,0x000000009dc3db48,0x000000009dc80000)
Event: 14.735 GC heap after
Heap after GC invocations=8 (full 0):
 PSYoungGen      total 395264K, used 27123K [0x00000000e1e00000, 0x00000000fcb00000, 0x0000000100000000)
  eden space 368128K, 0% used [0x00000000e1e00000,0x00000000e1e00000,0x00000000f8580000)
  from space 27136K, 99% used [0x00000000fa580000,0x00000000fbffcf08,0x00000000fc000000)
  to   space 32768K, 0% used [0x00000000f8580000,0x00000000f8580000,0x00000000fa580000)
 ParOldGen       total 61440K, used 36828K [0x00000000a5a00000, 0x00000000a9600000, 0x00000000e1e00000)
  object space 61440K, 59% used [0x00000000a5a00000,0x00000000a7df70b8,0x00000000a9600000)
 PSPermGen       total 41472K, used 41206K [0x000000009b400000, 0x000000009dc80000, 0x00000000a5a00000)
  object space 41472K, 99% used [0x000000009b400000,0x000000009dc3db48,0x000000009dc80000)
}
Event: 32.895 GC heap before
{Heap before GC invocations=9 (full 0):
 PSYoungGen      total 395264K, used 395251K [0x00000000e1e00000, 0x00000000fcb00000, 0x0000000100000000)
  eden space 368128K, 100% used [0x00000000e1e00000,0x00000000f8580000,0x00000000f8580000)
  from space 27136K, 99% used [0x00000000fa580000,0x00000000fbffcf08,0x00000000fc000000)
  to   space 32768K, 0% used [0x00000000f8580000,0x00000000f8580000,0x00000000fa580000)
 ParOldGen       total 61440K, used 36828K [0x00000000a5a00000, 0x00000000a9600000, 0x00000000e1e00000)
  object space 61440K, 59% used [0x00000000a5a00000,0x00000000a7df70b8,0x00000000a9600000)
 PSPermGen       total 66560K, used 66192K [0x000000009b400000, 0x000000009f500000, 0x00000000a5a00000)
  object space 66560K, 99% used [0x000000009b400000,0x000000009f4a43e0,0x000000009f500000)

Deoptimization events (10 events):
Event: 32.726 Thread 0x00007f3c48004800 Uncommon trap: reason=unstable_if action=reinterpret pc=0x00007f3ccd362354 method=org.springframework.asm.ClassReader.readCode(Lorg/springframework/asm/MethodVisitor;Lorg/springframework/asm/Context;I)V @ 693
Event: 32.748 Thread 0x00007f3c48004800 Uncommon trap: reason=bimorphic action=maybe_recompile pc=0x00007f3ccd2e855c method=java.util.concurrent.ConcurrentHashMap.containsKey(Ljava/lang/Object;)Z @ 117
Event: 32.776 Thread 0x00007f3c48004800 Uncommon trap: reason=unstable_if action=reinterpret pc=0x00007f3ccd147a3c method=java.util.StringTokenizer.scanToken(I)I @ 96
Event: 32.776 Thread 0x00007f3c48004800 Uncommon trap: reason=predicate action=maybe_recompile pc=0x00007f3ccd11e93c method=java.util.StringTokenizer.skipDelimiters(I)I @ 17
Event: 32.776 Thread 0x00007f3c48004800 Uncommon trap: reason=unstable_if action=reinterpret pc=0x00007f3ccd11fb80 method=java.util.StringTokenizer.scanToken(I)I @ 96
Event: 32.821 Thread 0x00007f3c48004800 Uncommon trap: reason=bimorphic action=maybe_recompile pc=0x00007f3ccd077400 method=java.util.Hashtable.get(Ljava/lang/Object;)Ljava/lang/Object; @ 46
Event: 32.824 Thread 0x00007f3c48004800 Uncommon trap: reason=bimorphic action=maybe_recompile pc=0x00007f3ccd077400 method=java.util.Hashtable.get(Ljava/lang/Object;)Ljava/lang/Object; @ 46
Event: 32.825 Thread 0x00007f3c48004800 Uncommon trap: reason=bimorphic action=maybe_recompile pc=0x00007f3ccd077400 method=java.util.Hashtable.get(Ljava/lang/Object;)Ljava/lang/Object; @ 46
Event: 32.825 Thread 0x00007f3c48004800 Uncommon trap: reason=bimorphic action=maybe_recompile pc=0x00007f3ccd077400 method=java.util.Hashtable.get(Ljava/lang/Object;)Ljava/lang/Object; @ 46
Event: 32.830 Thread 0x00007f3c48004800 Uncommon trap: reason=unstable_if action=reinterpret pc=0x00007f3ccd17d230 method=java.lang.CharacterData.of(I)Ljava/lang/CharacterData; @ 4

Internal exceptions (10 events):
Event: 32.884 Thread 0x00007f3c48004800 Threw 0x00000000f8538340 at /build/openjdk-7-9duhBW/openjdk-7-7u101-2.6.6/build/openjdk/hotspot/src/share/vm/prims/jvm.cpp:1322
Event: 32.885 Thread 0x00007f3c48004800 Threw 0x00000000f854d7f8 at /build/openjdk-7-9duhBW/openjdk-7-7u101-2.6.6/build/openjdk/hotspot/src/share/vm/prims/jvm.cpp:1322
Event: 32.885 Thread 0x00007f3c48004800 Threw 0x00000000f854e2f8 at /build/openjdk-7-9duhBW/openjdk-7-7u101-2.6.6/build/openjdk/hotspot/src/share/vm/prims/jvm.cpp:1322
Event: 32.886 Thread 0x00007f3c48004800 Threw 0x00000000f8564870 at /build/openjdk-7-9duhBW/openjdk-7-7u101-2.6.6/build/openjdk/hotspot/src/share/vm/prims/jvm.cpp:1322
Event: 32.886 Thread 0x00007f3c48004800 Threw 0x00000000f85655b0 at /build/openjdk-7-9duhBW/openjdk-7-7u101-2.6.6/build/openjdk/hotspot/src/share/vm/prims/jvm.cpp:1322
Event: 32.893 Thread 0x00007f3c48004800 Threw 0x00000000f856bb40 at /build/openjdk-7-9duhBW/openjdk-7-7u101-2.6.6/build/openjdk/hotspot/src/share/vm/prims/jvm.cpp:1322
Event: 32.893 Thread 0x00007f3c48004800 Threw 0x00000000f856c650 at /build/openjdk-7-9duhBW/openjdk-7-7u101-2.6.6/build/openjdk/hotspot/src/share/vm/prims/jvm.cpp:1322
Event: 32.894 Thread 0x00007f3c48004800 Threw 0x00000000f8575608 at /build/openjdk-7-9duhBW/openjdk-7-7u101-2.6.6/build/openjdk/hotspot/src/share/vm/prims/jvm.cpp:1322
Event: 32.894 Thread 0x00007f3c48004800 Threw 0x00000000f8576148 at /build/openjdk-7-9duhBW/openjdk-7-7u101-2.6.6/build/openjdk/hotspot/src/share/vm/prims/jvm.cpp:1322
Event: 32.894 Thread 0x00007f3c48004800 Threw 0x00000000f857e2e0 at /build/openjdk-7-9duhBW/openjdk-7-7u101-2.6.6/build/openjdk/hotspot/src/share/vm/prims/jvm.cpp:1322

Events (10 events):
Event: 32.885 loading class 0x00007f3c3802d1c0 done
Event: 32.886 loading class 0x00007f3c38077190
Event: 32.886 loading class 0x00007f3c38077190 done
Event: 32.892 loading class 0x00007f3c3806d210
Event: 32.892 loading class 0x00007f3c3806d210 done
Event: 32.894 loading class 0x00007f3c74ab80a0
Event: 32.894 loading class 0x00007f3c74ab80a0 done
Event: 32.894 loading class 0x00007f3c74ab8210
Event: 32.894 loading class 0x00007f3c74ab8210 done
Event: 32.895 Executing VM operation: ParallelGCFailedAllocation


Dynamic libraries:
00400000-00401000 r-xp 00000000 08:02 6957874                            /usr/lib/jvm/java-7-openjdk-amd64/jre/bin/java
00600000-00601000 r--p 00000000 08:02 6957874                            /usr/lib/jvm/java-7-openjdk-amd64/jre/bin/java
00601000-00602000 rw-p 00001000 08:02 6957874                            /usr/lib/jvm/java-7-openjdk-amd64/jre/bin/java
006ac000-006cd000 rw-p 00000000 00:00 0                                  [heap]
9b400000-9f500000 rw-p 00000000 00:00 0 
9f500000-a5a00000 rw-p 00000000 00:00 0 
a5a00000-a9600000 rw-p 00000000 00:00 0 
a9600000-e1e00000 rw-p 00000000 00:00 0 
e1e00000-fcb00000 rw-p 00000000 00:00 0 
7f3c38000000-7f3c380ac000 rw-p 00000000 00:00 0 
7f3c380ac000-7f3c3c000000 ---p 00000000 00:00 0 
7f3c40000000-7f3c40021000 rw-p 00000000 00:00 0 
7f3c40021000-7f3c44000000 ---p 00000000 00:00 0 
7f3c44000000-7f3c44021000 rw-p 00000000 00:00 0 
7f3c44021000-7f3c48000000 ---p 00000000 00:00 0 
7f3c48000000-7f3c48021000 rw-p 00000000 00:00 0 
7f3c48021000-7f3c4c000000 ---p 00000000 00:00 0 
7f3c4c000000-7f3c4c021000 rw-p 00000000 00:00 0 
7f3c4c021000-7f3c50000000 ---p 00000000 00:00 0 
7f3c50000000-7f3c50021000 rw-p 00000000 00:00 0 
7f3c50021000-7f3c54000000 ---p 00000000 00:00 0 
7f3c54000000-7f3c54021000 rw-p 00000000 00:00 0 
7f3c54021000-7f3c58000000 ---p 00000000 00:00 0 
7f3c58000000-7f3c58021000 rw-p 00000000 00:00 0 
7f3c58021000-7f3c5c000000 ---p 00000000 00:00 0 
7f3c5c000000-7f3c5c021000 rw-p 00000000 00:00 0 
7f3c5c021000-7f3c60000000 ---p 00000000 00:00 0 
7f3c60000000-7f3c60021000 rw-p 00000000 00:00 0 
7f3c60021000-7f3c64000000 ---p 00000000 00:00 0 
7f3c64000000-7f3c64021000 rw-p 00000000 00:00 0 
7f3c64021000-7f3c68000000 ---p 00000000 00:00 0 
7f3c68000000-7f3c68522000 rw-p 00000000 00:00 0 
7f3c68522000-7f3c6c000000 ---p 00000000 00:00 0 
7f3c6c000000-7f3c6c0fd000 rw-p 00000000 00:00 0 
7f3c6c0fd000-7f3c70000000 ---p 00000000 00:00 0 
7f3c70000000-7f3c70021000 rw-p 00000000 00:00 0 
7f3c70021000-7f3c74000000 ---p 00000000 00:00 0 
7f3c74000000-7f3c74f5e000 rw-p 00000000 00:00 0 
7f3c74f5e000-7f3c78000000 ---p 00000000 00:00 0 
7f3c78000000-7f3c79c28000 rw-p 00000000 00:00 0 
7f3c79c28000-7f3c7c000000 ---p 00000000 00:00 0 
7f3c7c000000-7f3c7c021000 rw-p 00000000 00:00 0 
7f3c7c021000-7f3c80000000 ---p 00000000 00:00 0 
7f3c80000000-7f3c80021000 rw-p 00000000 00:00 0 
7f3c80021000-7f3c84000000 ---p 00000000 00:00 0 
7f3c84000000-7f3c85940000 rw-p 00000000 00:00 0 
7f3c85940000-7f3c88000000 ---p 00000000 00:00 0 
7f3c88000000-7f3c88021000 rw-p 00000000 00:00 0 
7f3c88021000-7f3c8c000000 ---p 00000000 00:00 0 
7f3c8c000000-7f3c8c021000 rw-p 00000000 00:00 0 
7f3c8c021000-7f3c90000000 ---p 00000000 00:00 0 
7f3c90000000-7f3c90021000 rw-p 00000000 00:00 0 
7f3c90021000-7f3c94000000 ---p 00000000 00:00 0 
7f3c94000000-7f3c94071000 rw-p 00000000 00:00 0 
7f3c94071000-7f3c98000000 ---p 00000000 00:00 0 
7f3c98000000-7f3c98021000 rw-p 00000000 00:00 0 
7f3c98021000-7f3c9c000000 ---p 00000000 00:00 0 
7f3ca0000000-7f3ca0021000 rw-p 00000000 00:00 0 
7f3ca0021000-7f3ca4000000 ---p 00000000 00:00 0 
7f3ca8000000-7f3ca8021000 rw-p 00000000 00:00 0 
7f3ca8021000-7f3cac000000 ---p 00000000 00:00 0 
7f3cb0000000-7f3cb0021000 rw-p 00000000 00:00 0 
7f3cb0021000-7f3cb4000000 ---p 00000000 00:00 0 
7f3cb77f8000-7f3cb77fb000 ---p 00000000 00:00 0 
7f3cb77fb000-7f3cb78f9000 rw-p 00000000 00:00 0 
7f3cb78f9000-7f3cb78fc000 ---p 00000000 00:00 0 
7f3cb78fc000-7f3cb79fa000 rw-p 00000000 00:00 0 
7f3cb79fa000-7f3cb79fd000 ---p 00000000 00:00 0 
7f3cb79fd000-7f3cb7afb000 rw-p 00000000 00:00 0 
7f3cb7afb000-7f3cb7afe000 ---p 00000000 00:00 0 
7f3cb7afe000-7f3cb7bfc000 rw-p 00000000 00:00 0 
7f3cb7bfc000-7f3cb7bff000 ---p 00000000 00:00 0 
7f3cb7bff000-7f3cb7cfd000 rw-p 00000000 00:00 0 
7f3cb7cfd000-7f3cb7d00000 ---p 00000000 00:00 0 
7f3cb7d00000-7f3cb7dfe000 rw-p 00000000 00:00 0 
7f3cb7dfe000-7f3cb7e01000 ---p 00000000 00:00 0 
7f3cb7e01000-7f3cb7eff000 rw-p 00000000 00:00 0 
7f3cb7eff000-7f3cb7f02000 ---p 00000000 00:00 0 
7f3cb7f02000-7f3cb8000000 rw-p 00000000 00:00 0 
7f3cb8000000-7f3cb8021000 rw-p 00000000 00:00 0 
7f3cb8021000-7f3cbc000000 ---p 00000000 00:00 0 
7f3cbc03a000-7f3cbc03b000 rw-p 00000000 00:00 0 
7f3cbc03b000-7f3cbc03e000 ---p 00000000 00:00 0 
7f3cbc03e000-7f3cbc13c000 rw-p 00000000 00:00 0 
7f3cbc13c000-7f3cbc13f000 ---p 00000000 00:00 0 
7f3cbc13f000-7f3cbc23d000 rw-p 00000000 00:00 0 
7f3cbc23d000-7f3cbc240000 ---p 00000000 00:00 0 
7f3cbc240000-7f3cbc33e000 rw-p 00000000 00:00 0 
7f3cbc33e000-7f3cbc341000 ---p 00000000 00:00 0 
7f3cbc341000-7f3cbc43f000 rw-p 00000000 00:00 0 
7f3cbc43f000-7f3cbc449000 r--s 000ae000 08:02 6957926                    /usr/lib/jvm/java-7-openjdk-amd64/jre/lib/resources.jar
7f3cbc449000-7f3cbc454000 r--s 00203000 08:02 6957940                    /usr/lib/jvm/java-7-openjdk-amd64/jre/lib/charsets.jar
7f3cbc454000-7f3cbc457000 ---p 00000000 00:00 0 
7f3cbc457000-7f3cbc555000 rw-p 00000000 00:00 0 
7f3cbc555000-7f3cbc55d000 r-xp 00000000 08:02 6957914                    /usr/lib/jvm/java-7-openjdk-amd64/jre/lib/amd64/libmanagement.so
7f3cbc55d000-7f3cbc75c000 ---p 00008000 08:02 6957914                    /usr/lib/jvm/java-7-openjdk-amd64/jre/lib/amd64/libmanagement.so
7f3cbc75c000-7f3cbc75d000 r--p 00007000 08:02 6957914                    /usr/lib/jvm/java-7-openjdk-amd64/jre/lib/amd64/libmanagement.so
7f3cbc75d000-7f3cbc75e000 rw-p 00008000 08:02 6957914                    /usr/lib/jvm/java-7-openjdk-amd64/jre/lib/amd64/libmanagement.so
7f3cbc75e000-7f3cbc777000 r--s 000f3000 08:02 10094555                   /home/samong/.m2/repository/org/springframework/spring-context/4.2.7.RELEASE/spring-context-4.2.7.RELEASE.jar
7f3cbc777000-7f3cbc779000 r--s 00000000 08:02 10094535                   /home/samong/.m2/repository/org/slf4j/jul-to-slf4j/1.7.21/jul-to-slf4j-1.7.21.jar
7f3cbc779000-7f3cbc78a000 r--s 000c6000 08:02 10094586                   /home/samong/.m2/repository/org/springframework/spring-webmvc/4.2.7.RELEASE/spring-webmvc-4.2.7.RELEASE.jar
7f3cbc78a000-7f3cbc78d000 r--s 00035000 08:02 1446074                    /home/samong/.m2/repository/ognl/ognl/3.0.8/ognl-3.0.8.jar
7f3cbc78d000-7f3cbc796000 r--s 00052000 08:02 10094541                   /home/samong/.m2/repository/org/springframework/spring-aop/4.2.7.RELEASE/spring-aop-4.2.7.RELEASE.jar
7f3cbc796000-7f3cbc79d000 r--s 00044000 08:02 10094532                   /home/samong/.m2/repository/ch/qos/logback/logback-classic/1.1.7/logback-classic-1.1.7.jar
7f3cbc79d000-7f3cbc7a2000 r--s 0003c000 08:02 10094587                   /home/samong/.m2/repository/org/springframework/spring-expression/4.2.7.RELEASE/spring-expression-4.2.7.RELEASE.jar
7f3cbc7a2000-7f3cbc7a3000 r--s 00009000 08:02 10094545                   /home/samong/.m2/repository/org/apache/tomcat/tomcat-juli/8.0.36/tomcat-juli-8.0.36.jar
7f3cbc7a3000-7f3cbc7a8000 r--s 00048000 08:02 6557378                    /home/samong/.m2/repository/dom4j/dom4j/1.6.1/dom4j-1.6.1.jar
7f3cbc7a8000-7f3cbc7a9000 r--s 00000000 08:02 1180979                    /home/samong/.m2/repository/org/springframework/boot/spring-boot-starter-tomcat/1.3.6.RELEASE/spring-boot-starter-tomcat-1.3.6.RELEASE.jar
7f3cbc7a9000-7f3cbc7ae000 r--s 00017000 08:02 393786                     /home/samong/.m2/repository/org/hibernate/javax/persistence/hibernate-jpa-2.1-api/1.0.0.Final/hibernate-jpa-2.1-api-1.0.0.Final.jar
7f3cbc7ae000-7f3cbc7bb000 r--s 000a6000 08:02 10094559                   /home/samong/.m2/repository/org/springframework/spring-beans/4.2.7.RELEASE/spring-beans-4.2.7.RELEASE.jar
7f3cbc7bb000-7f3cbc7bc000 r--s 00000000 08:02 1706708                    /home/samong/.m2/repository/org/springframework/boot/spring-boot-starter-aop/1.3.6.RELEASE/spring-boot-starter-aop-1.3.6.RELEASE.jar
7f3cbc7bc000-7f3cbc7c6000 r--s 00068000 08:02 10094554                   /home/samong/.m2/repository/org/springframework/spring-orm/4.2.7.RELEASE/spring-orm-4.2.7.RELEASE.jar
7f3cbc7c6000-7f3cbc7c7000 r--s 00000000 08:02 1706699                    /home/samong/.m2/repository/org/springframework/boot/spring-boot-starter-data-jpa/1.3.6.RELEASE/spring-boot-starter-data-jpa-1.3.6.RELEASE.jar
7f3cbc7c7000-7f3cbc7c9000 r--s 0000f000 08:02 10094551                   /home/samong/.m2/repository/org/jboss/logging/jboss-logging/3.3.0.Final/jboss-logging-3.3.0.Final.jar
7f3cbc7c9000-7f3cbc7cc000 r--s 0001f000 08:02 10094544                   /home/samong/.m2/repository/org/apache/tomcat/tomcat-jdbc/8.0.36/tomcat-jdbc-8.0.36.jar
7f3cbc7cc000-7f3cbc7d2000 r--s 0002d000 08:02 1446159                    /home/samong/.m2/repository/org/springframework/boot/spring-boot-devtools/1.3.6.RELEASE/spring-boot-devtools-1.3.6.RELEASE.jar
7f3cbc7d2000-7f3cbc7d5000 r--s 00017000 08:02 6816802                    /home/samong/.m2/repository/nz/net/ultraq/thymeleaf/thymeleaf-layout-dialect/1.3.3/thymeleaf-layout-dialect-1.3.3.jar
7f3cbc7d5000-7f3cbc7db000 r--s 00037000 08:02 10094574                   /home/samong/.m2/repository/org/apache/tomcat/embed/tomcat-embed-websocket/8.0.36/tomcat-embed-websocket-8.0.36.jar
7f3cbc7db000-7f3cbc7dd000 r--s 00011000 08:02 393790                     /home/samong/.m2/repository/org/jboss/jandex/1.1.0.Final/jandex-1.1.0.Final.jar
7f3cbc7dd000-7f3cbc7e1000 r--s 0000c000 08:02 9308578                    /home/samong/.m2/repository/javax/validation/validation-api/1.1.0.Final/validation-api-1.1.0.Final.jar
7f3cbc7e1000-7f3cbc7e2000 r--s 00002000 08:02 9966719                    /home/samong/.m2/repository/org/jboss/logging/jboss-logging-annotations/1.2.0.Beta1/jboss-logging-annotations-1.2.0.Beta1.jar
7f3cbc7e2000-7f3cbc7ec000 r--s 0005e000 08:02 10094546                   /home/samong/.m2/repository/org/springframework/spring-jdbc/4.2.7.RELEASE/spring-jdbc-4.2.7.RELEASE.jar
7f3cbc7ec000-7f3cbc7ed000 r--s 00009000 08:02 10094570                   /home/samong/.m2/repository/org/apache/tomcat/embed/tomcat-embed-logging-juli/8.0.36/tomcat-embed-logging-juli-8.0.36.jar
7f3cbc7ed000-7f3cbc7ee000 r--s 00000000 08:02 394031                     /home/samong/.m2/repository/org/springframework/boot/spring-boot-starter/1.3.6.RELEASE/spring-boot-starter-1.3.6.RELEASE.jar
7f3cbc7ee000-7f3cbc7fd000 r--s 0008d000 08:02 1706720                    /home/samong/.m2/repository/org/springframework/data/spring-data-commons/1.11.4.RELEASE/spring-data-commons-1.11.4.RELEASE.jar
7f3cbc7fd000-7f3cbc80b000 r--s 00079000 08:02 394032                     /home/samong/.m2/repository/org/springframework/boot/spring-boot/1.3.6.RELEASE/spring-boot-1.3.6.RELEASE.jar
7f3cbc80b000-7f3cbc819000 r--s 00091000 08:02 10094550                   /home/samong/.m2/repository/org/hibernate/hibernate-entitymanager/4.3.11.Final/hibernate-entitymanager-4.3.11.Final.jar
7f3cbc819000-7f3cbc829000 r--s 0009c000 08:02 10094575                   /home/samong/.m2/repository/org/hibernate/hibernate-validator/5.2.4.Final/hibernate-validator-5.2.4.Final.jar
7f3cbc829000-7f3cbc841000 r--s 000a2000 08:02 1180975                    /home/samong/.m2/repository/org/springframework/boot/spring-boot-autoconfigure/1.3.6.RELEASE/spring-boot-autoconfigure-1.3.6.RELEASE.jar
7f3cbc841000-7f3cbc843000 r--s 00003000 08:02 10094562                   /home/samong/.m2/repository/org/slf4j/jcl-over-slf4j/1.7.21/jcl-over-slf4j-1.7.21.jar
7f3cbc843000-7f3cbc845000 r--s 00009000 08:02 10094566                   /home/samong/.m2/repository/org/slf4j/slf4j-api/1.7.21/slf4j-api-1.7.21.jar
7f3cbc845000-7f3cbc848000 r--s 0000c000 08:02 10094563                   /home/samong/.m2/repository/org/springframework/spring-aspects/4.2.7.RELEASE/spring-aspects-4.2.7.RELEASE.jar
7f3cbc848000-7f3cbc84b000 r--s 00034000 08:02 1446068                    /home/samong/.m2/repository/org/thymeleaf/thymeleaf-spring4/2.1.4.RELEASE/thymeleaf-spring4-2.1.4.RELEASE.jar
7f3cbc84b000-7f3cbc858000 r--s 000b7000 08:02 1446071                    /home/samong/.m2/repository/org/thymeleaf/thymeleaf/2.1.4.RELEASE/thymeleaf-2.1.4.RELEASE.jar
7f3cbc858000-7f3cbc85d000 r--s 00068000 08:02 6557376                    /home/samong/.m2/repository/antlr/antlr/2.7.7/antlr-2.7.7.jar
7f3cbc85d000-7f3cbc85f000 r--s 0000e000 08:02 10094577                   /home/samong/.m2/repository/com/fasterxml/classmate/1.1.0/classmate-1.1.0.jar
7f3cbc85f000-7f3cbc862000 r--s 00010000 08:02 393785                     /home/samong/.m2/repository/org/hibernate/common/hibernate-commons-annotations/4.0.5.Final/hibernate-commons-annotations-4.0.5.Final.jar
7f3cbc862000-7f3cbc8c0000 r--s 004ac000 08:02 7870983                    /home/samong/.m2/repository/org/hibernate/hibernate-core/4.3.11.Final/hibernate-core-4.3.11.Final.jar
7f3cbc8c0000-7f3cbc90d000 r--s 0040b000 08:02 6816806                    /home/samong/.m2/repository/org/codehaus/groovy/groovy/2.4.7/groovy-2.4.7.jar
7f3cbc90d000-7f3cbc926000 r--s 001af000 08:02 10094542                   /home/samong/.m2/repository/org/aspectj/aspectjweaver/1.8.9/aspectjweaver-1.8.9.jar
7f3cbc926000-7f3cbc937000 r--s 000ab000 08:02 394039                     /home/samong/.m2/repository/org/springframework/spring-web/4.2.7.RELEASE/spring-web-4.2.7.RELEASE.jar
7f3cbc937000-7f3cbc938000 r--s 00000000 08:02 394035                     /home/samong/.m2/repository/org/springframework/boot/spring-boot-starter-web/1.3.6.RELEASE/spring-boot-starter-web-1.3.6.RELEASE.jar
7f3cbc938000-7f3cbc939000 r--s 00000000 08:02 394037                     /home/samong/.m2/repository/org/springframework/boot/spring-boot-starter-validation/1.3.6.RELEASE/spring-boot-starter-validation-1.3.6.RELEASE.jar
7f3cbc939000-7f3cbc93e000 r--s 00016000 08:02 6555985                    /home/samong/.m2/repository/xml-apis/xml-apis/1.0.b2/xml-apis-1.0.b2.jar
7f3cbc93e000-7f3cbc945000 r--s 0003a000 08:02 10094557                   /home/samong/.m2/repository/org/springframework/spring-tx/4.2.7.RELEASE/spring-tx-4.2.7.RELEASE.jar
7f3cbc945000-7f3cbc94b000 r--s 00039000 08:02 1706714                    /home/samong/.m2/repository/org/springframework/data/spring-data-jpa/1.9.4.RELEASE/spring-data-jpa-1.9.4.RELEASE.jar
7f3cbc94b000-7f3cbc94c000 r--s 00000000 08:02 1706711                    /home/samong/.m2/repository/org/springframework/boot/spring-boot-starter-jdbc/1.3.6.RELEASE/spring-boot-starter-jdbc-1.3.6.RELEASE.jar
7f3cbc94c000-7f3cbc971000 r--s 00294000 08:02 10094568                   /home/samong/.m2/repository/org/apache/tomcat/embed/tomcat-embed-core/8.0.36/tomcat-embed-core-8.0.36.jar
7f3cbc971000-7f3cbc97b000 r--s 00069000 08:02 10094534                   /home/samong/.m2/repository/ch/qos/logback/logback-core/1.1.7/logback-core-1.1.7.jar
7f3cbc97b000-7f3cbc981000 r--s 0003c000 08:02 10094538                   /home/samong/.m2/repository/org/yaml/snakeyaml/1.16/snakeyaml-1.16.jar
7f3cbc981000-7f3cbc986000 r--s 00036000 08:02 10094569                   /home/samong/.m2/repository/org/apache/tomcat/embed/tomcat-embed-el/8.0.36/tomcat-embed-el-8.0.36.jar
7f3cbc986000-7f3cbc987000 r--s 00000000 08:02 1180976                    /home/samong/.m2/repository/org/springframework/boot/spring-boot-starter-logging/1.3.6.RELEASE/spring-boot-starter-logging-1.3.6.RELEASE.jar
7f3cbc987000-7f3cbc991000 r--s 000e4000 08:02 10094947                   /home/samong/.m2/repository/mysql/mysql-connector-java/5.1.36/mysql-connector-java-5.1.36.jar
7f3cbc991000-7f3cbc994000 r--s 00020000 08:02 6816799                    /home/samong/.m2/repository/org/unbescape/unbescape/1.1.0.RELEASE/unbescape-1.1.0.RELEASE.jar
7f3cbc994000-7f3cbc9a5000 r--s 0010d000 08:02 10094578                   /home/samong/.m2/repository/com/fasterxml/jackson/core/jackson-databind/2.6.7/jackson-databind-2.6.7.jar
7f3cbc9a5000-7f3cbc9a9000 r--s 0003c000 08:02 10094581                   /home/samong/.m2/repository/com/fasterxml/jackson/core/jackson-core/2.6.7/jackson-core-2.6.7.jar
7f3cbc9a9000-7f3cbc9aa000 r--s 00000000 08:02 1446065                    /home/samong/.m2/repository/org/springframework/boot/spring-boot-starter-thymeleaf/1.3.6.RELEASE/spring-boot-starter-thymeleaf-1.3.6.RELEASE.jar
7f3cbc9aa000-7f3cbc9b4000 r--s 000a5000 08:02 393787                     /home/samong/.m2/repository/org/javassist/javassist/3.18.1-GA/javassist-3.18.1-GA.jar
7f3cbc9b4000-7f3cbc9b6000 r--s 00006000 08:02 9308600                    /home/samong/.m2/repository/javax/transaction/javax.transaction-api/1.2/javax.transaction-api-1.2.jar
7f3cbc9b6000-7f3cbc9b9000 r--s 00009000 08:02 10094582                   /home/samong/.m2/repository/com/fasterxml/jackson/core/jackson-annotations/2.6.7/jackson-annotations-2.6.7.jar
7f3cbc9b9000-7f3cbc9bb000 r--s 00004000 08:02 10094536                   /home/samong/.m2/repository/org/slf4j/log4j-over-slf4j/1.7.21/log4j-over-slf4j-1.7.21.jar
7f3cbc9bb000-7f3cbc9be000 ---p 00000000 00:00 0 
7f3cbc9be000-7f3cbcabc000 rw-p 00000000 00:00 0 
7f3cbcabc000-7f3cbcae7000 r--s 001fc000 08:02 393818                     /home/samong/.m2/repository/com/google/guava/guava/18.0/guava-18.0.jar
7f3cbcae7000-7f3cbcae8000 r--s 00008000 08:02 9836120                    /home/samong/.m2/repository/asm/asm-util/3.2/asm-util-3.2.jar
7f3cbcae8000-7f3cbcae9000 r--s 00004000 08:02 9309710                    /home/samong/.m2/repository/asm/asm-analysis/3.2/asm-analysis-3.2.jar
7f3cbcae9000-7f3cbcaec000 r--s 00013000 08:02 8527916                    /home/samong/.m2/repository/commons-io/commons-io/1.3.2/commons-io-1.3.2.jar
7f3cbcaec000-7f3cbcaed000 r--s 00002000 08:02 10094876                   /home/samong/.m2/repository/org/vafer/jdependency/0.7/jdependency-0.7.jar
7f3cbcaed000-7f3cbcaf0000 r--s 0000c000 08:02 1180985                    /home/samong/.m2/repository/org/apache/maven/shared/maven-dependency-tree/2.1/maven-dependency-tree-2.1.jar
7f3cbcaf0000-7f3cbcaf3000 r--s 00023000 08:02 10094875                   /home/samong/.m2/repository/org/jdom/jdom/1.1/jdom-1.1.jar
7f3cbcaf3000-7f3cbcaf5000 r--s 00004000 08:02 8398625                    /home/samong/.m2/repository/asm/asm-tree/3.3.1/asm-tree-3.3.1.jar
7f3cbcaf5000-7f3cbcaf7000 r--s 00008000 08:02 8152124                    /home/samong/.m2/repository/asm/asm-commons/3.3.1/asm-commons-3.3.1.jar
7f3cbcaf7000-7f3cbcaf8000 r--s 0000a000 08:02 7870816                    /home/samong/.m2/repository/asm/asm/3.3.1/asm-3.3.1.jar
7f3cbcaf8000-7f3cbcb03000 r--s 00069000 08:02 10094870                   /home/samong/.m2/repository/org/sonatype/sisu/sisu-guice/2.1.7/sisu-guice-2.1.7-noaop.jar
7f3cbcb03000-7f3cbcb08000 r--s 00021000 08:02 10094869                   /home/samong/.m2/repository/org/sonatype/sisu/sisu-inject-bean/1.4.2/sisu-inject-bean-1.4.2.jar
7f3cbcb08000-7f3cbcb0a000 r--s 00017000 08:02 10094867                   /home/samong/.m2/repository/org/apache/maven/plugins/maven-shade-plugin/2.2/maven-shade-plugin-2.2.jar
7f3cbcb0a000-7f3cbcb0e000 r--s 00038000 08:02 393545                     /home/samong/.m2/repository/org/codehaus/plexus/plexus-utils/3.0.20/plexus-utils-3.0.20.jar
7f3cbcb0e000-7f3cbcb15000 r--s 00056000 08:02 10094865                   /home/samong/.m2/repository/org/apache/commons/commons-compress/1.9/commons-compress-1.9.jar
7f3cbcb15000-7f3cbcb19000 r--s 0000f000 08:02 394589                     /home/samong/.m2/repository/org/codehaus/plexus/plexus-io/2.3.2/plexus-io-2.3.2.jar
7f3cbcb19000-7f3cbcb1d000 r--s 0001f000 08:02 394586                     /home/samong/.m2/repository/org/codehaus/plexus/plexus-archiver/2.8.1/plexus-archiver-2.8.1.jar
7f3cbcb1d000-7f3cbcb1f000 r--s 00009000 08:02 8284107                    /home/samong/.m2/repository/org/hamcrest/hamcrest-core/1.3/hamcrest-core-1.3.jar
7f3cbcb1f000-7f3cbcb27000 r--s 00045000 08:02 10094589                   /home/samong/.m2/repository/junit/junit/4.12/junit-4.12.jar
7f3cbcb27000-7f3cbcb30000 r--s 0006f000 08:02 10094864                   /home/samong/.m2/repository/log4j/log4j/1.2.17/log4j-1.2.17.jar
7f3cbcb30000-7f3cbcb32000 r--s 00006000 08:02 394585                     /home/samong/.m2/repository/org/apache/maven/shared/maven-common-artifact-filters/1.4/maven-common-artifact-filters-1.4.jar
7f3cbcb32000-7f3cbcb34000 r--s 00002000 08:02 393540                     /home/samong/.m2/repository/org/sonatype/plexus/plexus-cipher/1.4/plexus-cipher-1.4.jar
7f3cbcb34000-7f3cbcb35000 r--s 00006000 08:02 10357284                   /home/samong/.m2/repository/org/sonatype/plexus/plexus-sec-dispatcher/1.3/plexus-sec-dispatcher-1.3.jar
7f3cbcb35000-7f3cbcb3b000 r--s 00042000 08:02 10094860                   /home/samong/.m2/repository/org/eclipse/sisu/org.eclipse.sisu.inject/0.0.0.M5/org.eclipse.sisu.inject-0.0.0.M5.jar
7f3cbcb3b000-7f3cbcb3d000 r--s 00000000 08:02 393829                     /home/samong/.m2/repository/aopalliance/aopalliance/1.0/aopalliance-1.0.jar
7f3cbcb3d000-7f3cbcb45000 r--s 00050000 08:02 10094859                   /home/samong/.m2/repository/org/sonatype/sisu/sisu-guice/3.1.0/sisu-guice-3.1.0-no_aop.jar
7f3cbcb45000-7f3cbcb46000 r--s 00000000 08:02 9438694                    /home/samong/.m2/repository/javax/inject/javax.inject/1/javax.inject-1.jar
7f3cbcb46000-7f3cbcb47000 r--s 00001000 08:02 10094856                   /home/samong/.m2/repository/javax/annotation/jsr250-api/1.0/jsr250-api-1.0.jar
7f3cbcb47000-7f3cbcb4a000 r--s 00008000 08:02 10094855                   /home/samong/.m2/repository/javax/enterprise/cdi-api/1.0/cdi-api-1.0.jar
7f3cbcb4a000-7f3cbcb50000 r--s 0002a000 08:02 10094854                   /home/samong/.m2/repository/org/eclipse/sisu/org.eclipse.sisu.plexus/0.0.0.M5/org.eclipse.sisu.plexus-0.0.0.M5.jar
7f3cbcb50000-7f3cbcb54000 r--s 00020000 08:02 10094853                   /home/samong/.m2/repository/org/eclipse/aether/aether-util/1.0.2.v20150114/aether-util-1.0.2.v20150114.jar
7f3cbcb54000-7f3cbcb59000 r--s 0001d000 08:02 10094852                   /home/samong/.m2/repository/org/eclipse/aether/aether-api/1.0.2.v20150114/aether-api-1.0.2.v20150114.jar
7f3cbcb59000-7f3cbcb5d000 r--s 00027000 08:02 10094848                   /home/samong/.m2/repository/org/eclipse/aether/aether-impl/1.0.2.v20150114/aether-impl-1.0.2.v20150114.jar
7f3cbcb5d000-7f3cbcb5f000 r--s 00006000 08:02 10094849                   /home/samong/.m2/repository/org/eclipse/aether/aether-spi/1.0.2.v20150114/aether-spi-1.0.2.v20150114.jar
7f3cbcb5f000-7f3cbcb62000 r--s 0000d000 08:02 394537                     /home/samong/.m2/repository/org/codehaus/plexus/plexus-interpolation/1.21/plexus-interpolation-1.21.jar
7f3cbcb62000-7f3cbcb66000 r--s 00026000 08:02 394533                     /home/samong/.m2/repository/org/apache/maven/shared/maven-shared-utils/0.7/maven-shared-utils-0.7.jar
7f3cbcb66000-7f3cbcb67000 r--s 00005000 08:02 394536                     /home/samong/.m2/repository/org/apache/maven/maven-archiver/2.6/maven-archiver-2.6.jar
7f3cbcb67000-7f3cbcb69000 r--s 0000e000 08:02 6820092                    /home/samong/.m2/repository/commons-logging/commons-logging/1.2/commons-logging-1.2.jar
7f3cbcb69000-7f3cbcb7f000 r--s 000f6000 08:02 10094591                   /home/samong/.m2/repository/org/springframework/spring-core/4.2.7.RELEASE/spring-core-4.2.7.RELEASE.jar
7f3cbcb7f000-7f3cbcb82000 r--s 0001f000 08:02 394504                     /home/samong/.m2/repository/org/springframework/boot/spring-boot-loader-tools/1.3.6.RELEASE/spring-boot-loader-tools-1.3.6.RELEASE.jar
7f3cbcb82000-7f3cbcb84000 r--s 0000d000 08:02 393996                     /home/samong/.m2/repository/org/springframework/boot/spring-boot-maven-plugin/1.3.6.RELEASE/spring-boot-maven-plugin-1.3.6.RELEASE.jar
7f3cbcb84000-7f3cbcbef000 r--s 0069d000 08:02 6958285                    /usr/lib/jvm/java-7-openjdk-amd64/lib/tools.jar
7f3cbcbef000-7f3cbcbf2000 r--s 0001b000 08:02 394107                     /home/samong/.m2/repository/junit/junit/3.8.2/junit-3.8.2.jar
7f3cbcbf2000-7f3cbcc00000 r--s 0008f000 08:02 9176780                    /home/samong/.m2/repository/com/google/collections/google-collections/1.0/google-collections-1.0.jar
7f3cbcc00000-7f3cbcc01000 r--s 0000a000 08:02 8791740                    /home/samong/.m2/repository/commons-logging/commons-logging-api/1.1/commons-logging-api-1.1.jar
7f3cbcc01000-7f3cbcc08000 r--s 00051000 08:02 8527910                    /home/samong/.m2/repository/log4j/log4j/1.2.12/log4j-1.2.12.jar
7f3cbcc08000-7f3cbcc0c000 r--s 0001d000 08:02 8152118                    /home/samong/.m2/repository/org/apache/xbean/xbean-reflect/3.4/xbean-reflect-3.4.jar
7f3cbcc0c000-7f3cbcc0e000 r--s 00000000 08:02 394102                     /home/samong/.m2/repository/org/codehaus/plexus/plexus-compiler-manager/2.2/plexus-compiler-manager-2.2.jar
7f3cbcc0e000-7f3cbcc10000 r--s 00005000 08:02 394101                     /home/samong/.m2/repository/org/codehaus/plexus/plexus-compiler-api/2.2/plexus-compiler-api-2.2.jar
7f3cbcc10000-7f3cbcc12000 r--s 00000000 08:02 10094614                   /home/samong/.m2/repository/org/codehaus/plexus/plexus-component-annotations/1.5.5/plexus-component-annotations-1.5.5.jar
7f3cbcc12000-7f3cbcc14000 r--s 00002000 08:02 394097                     /home/samong/.m2/repository/org/apache/maven/shared/maven-shared-incremental/1.1/maven-shared-incremental-1.1.jar
7f3cbcc14000-7f3cbcc16000 r--s 00006000 08:02 10094615                   /home/samong/.m2/repository/com/google/code/findbugs/jsr305/2.0.1/jsr305-2.0.1.jar
7f3cbcc16000-7f3cbcc19000 r--s 00023000 08:02 394095                     /home/samong/.m2/repository/org/apache/maven/shared/maven-shared-utils/0.1/maven-shared-utils-0.1.jar
7f3cbcc19000-7f3cbcc1d000 r--s 00030000 08:02 394096                     /home/samong/.m2/repository/org/codehaus/plexus/plexus-utils/1.5.1/plexus-utils-1.5.1.jar
7f3cbcc1d000-7f3cbcc1f000 r--s 00009000 08:02 9049218                    /home/samong/.m2/repository/org/apache/maven/plugins/maven-compiler-plugin/3.1/maven-compiler-plugin-3.1.jar
7f3cbcc1f000-7f3cbcc21000 r--s 0000d000 08:02 396399                     /home/samong/.m2/repository/org/codehaus/plexus/plexus-interpolation/1.13/plexus-interpolation-1.13.jar
7f3cbcc21000-7f3cbcc52000 rw-p 00000000 00:00 0 
7f3cbcc52000-7f3cbcc8f000 r-xp 00000000 08:02 8524015                    /lib/x86_64-linux-gnu/libpcre.so.3.13.1
7f3cbcc8f000-7f3cbce8e000 ---p 0003d000 08:02 8524015                    /lib/x86_64-linux-gnu/libpcre.so.3.13.1
7f3cbce8e000-7f3cbce8f000 r--p 0003c000 08:02 8524015                    /lib/x86_64-linux-gnu/libpcre.so.3.13.1
7f3cbce8f000-7f3cbce90000 rw-p 0003d000 08:02 8524015                    /lib/x86_64-linux-gnu/libpcre.so.3.13.1
7f3cbce90000-7f3cbce97000 r-xp 00000000 08:02 6955192                    /usr/lib/x86_64-linux-gnu/libffi.so.6.0.1
7f3cbce97000-7f3cbd096000 ---p 00007000 08:02 6955192                    /usr/lib/x86_64-linux-gnu/libffi.so.6.0.1
7f3cbd096000-7f3cbd097000 r--p 00006000 08:02 6955192                    /usr/lib/x86_64-linux-gnu/libffi.so.6.0.1
7f3cbd097000-7f3cbd098000 rw-p 00007000 08:02 6955192                    /usr/lib/x86_64-linux-gnu/libffi.so.6.0.1
7f3cbd098000-7f3cbd0af000 r-xp 00000000 08:02 8519784                    /lib/x86_64-linux-gnu/libresolv-2.19.so
7f3cbd0af000-7f3cbd2af000 ---p 00017000 08:02 8519784                    /lib/x86_64-linux-gnu/libresolv-2.19.so
7f3cbd2af000-7f3cbd2b0000 r--p 00017000 08:02 8519784                    /lib/x86_64-linux-gnu/libresolv-2.19.so
7f3cbd2b0000-7f3cbd2b1000 rw-p 00018000 08:02 8519784                    /lib/x86_64-linux-gnu/libresolv-2.19.so
7f3cbd2b1000-7f3cbd2b3000 rw-p 00000000 00:00 0 
7f3cbd2b3000-7f3cbd2d3000 r-xp 00000000 08:02 8524144                    /lib/x86_64-linux-gnu/libselinux.so.1
7f3cbd2d3000-7f3cbd4d2000 ---p 00020000 08:02 8524144                    /lib/x86_64-linux-gnu/libselinux.so.1
7f3cbd4d2000-7f3cbd4d3000 r--p 0001f000 08:02 8524144                    /lib/x86_64-linux-gnu/libselinux.so.1
7f3cbd4d3000-7f3cbd4d4000 rw-p 00020000 08:02 8524144                    /lib/x86_64-linux-gnu/libselinux.so.1
7f3cbd4d4000-7f3cbd4d6000 rw-p 00000000 00:00 0 
7f3cbd4d6000-7f3cbd4d9000 r-xp 00000000 08:02 6955305                    /usr/lib/x86_64-linux-gnu/libgmodule-2.0.so.0.4002.0
7f3cbd4d9000-7f3cbd6d8000 ---p 00003000 08:02 6955305                    /usr/lib/x86_64-linux-gnu/libgmodule-2.0.so.0.4002.0
7f3cbd6d8000-7f3cbd6d9000 r--p 00002000 08:02 6955305                    /usr/lib/x86_64-linux-gnu/libgmodule-2.0.so.0.4002.0
7f3cbd6d9000-7f3cbd6da000 rw-p 00003000 08:02 6955305                    /usr/lib/x86_64-linux-gnu/libgmodule-2.0.so.0.4002.0
7f3cbd6da000-7f3cbd7e0000 r-xp 00000000 08:02 8524045                    /lib/x86_64-linux-gnu/libglib-2.0.so.0.4002.0
7f3cbd7e0000-7f3cbd9df000 ---p 00106000 08:02 8524045                    /lib/x86_64-linux-gnu/libglib-2.0.so.0.4002.0
7f3cbd9df000-7f3cbd9e0000 r--p 00105000 08:02 8524045                    /lib/x86_64-linux-gnu/libglib-2.0.so.0.4002.0
7f3cbd9e0000-7f3cbd9e1000 rw-p 00106000 08:02 8524045                    /lib/x86_64-linux-gnu/libglib-2.0.so.0.4002.0
7f3cbd9e1000-7f3cbd9e2000 rw-p 00000000 00:00 0 
7f3cbd9e2000-7f3cbda31000 r-xp 00000000 08:02 6955321                    /usr/lib/x86_64-linux-gnu/libgobject-2.0.so.0.4002.0
7f3cbda31000-7f3cbdc31000 ---p 0004f000 08:02 6955321                    /usr/lib/x86_64-linux-gnu/libgobject-2.0.so.0.4002.0
7f3cbdc31000-7f3cbdc32000 r--p 0004f000 08:02 6955321                    /usr/lib/x86_64-linux-gnu/libgobject-2.0.so.0.4002.0
7f3cbdc32000-7f3cbdc33000 rw-p 00050000 08:02 6955321                    /usr/lib/x86_64-linux-gnu/libgobject-2.0.so.0.4002.0
7f3cbdc33000-7f3cbdd9f000 r-xp 00000000 08:02 6955293                    /usr/lib/x86_64-linux-gnu/libgio-2.0.so.0.4002.0
7f3cbdd9f000-7f3cbdf9e000 ---p 0016c000 08:02 6955293                    /usr/lib/x86_64-linux-gnu/libgio-2.0.so.0.4002.0
7f3cbdf9e000-7f3cbdfa2000 r--p 0016b000 08:02 6955293                    /usr/lib/x86_64-linux-gnu/libgio-2.0.so.0.4002.0
7f3cbdfa2000-7f3cbdfa4000 rw-p 0016f000 08:02 6955293                    /usr/lib/x86_64-linux-gnu/libgio-2.0.so.0.4002.0
7f3cbdfa4000-7f3cbdfa6000 rw-p 00000000 00:00 0 
7f3cbdfa6000-7f3cbdfa7000 r--s 00004000 08:02 394103                     /home/samong/.m2/repository/org/codehaus/plexus/plexus-compiler-javac/2.2/plexus-compiler-javac-2.2.jar
7f3cbdfa7000-7f3cbdfa8000 r--s 00001000 08:02 267262                     /home/samong/.m2/repository/org/sonatype/plexus/plexus-build-api/0.0.4/plexus-build-api-0.0.4.jar
7f3cbdfa8000-7f3cbdfaa000 r--s 00009000 08:02 394047                     /home/samong/.m2/repository/org/apache/maven/shared/maven-filtering/1.1/maven-filtering-1.1.jar
7f3cbdfaa000-7f3cbdfae000 r--s 00033000 08:02 393920                     /home/samong/.m2/repository/org/codehaus/plexus/plexus-utils/2.0.5/plexus-utils-2.0.5.jar
7f3cbdfae000-7f3cbdfb1000 r--s 0001b000 08:02 267225                     /home/samong/.m2/repository/junit/junit/3.8.1/junit-3.8.1.jar
7f3cbdfb1000-7f3cbdfb3000 r--s 00002000 08:02 393537                     /home/samong/.m2/repository/org/codehaus/plexus/plexus-interactivity-api/1.0-alpha-4/plexus-interactivity-api-1.0-alpha-4.jar
7f3cbdfb3000-7f3cbdfb5000 r--s 00006000 08:02 8285223                    /home/samong/.m2/repository/commons-cli/commons-cli/1.0/commons-cli-1.0.jar
7f3cbdfb5000-7f3cbdfb6000 r--s 00001000 08:02 393863                     /home/samong/.m2/repository/org/apache/maven/doxia/doxia-sink-api/1.0-alpha-7/doxia-sink-api-1.0-alpha-7.jar
7f3cbdfb6000-7f3cbdfb7000 r--s 00002000 08:02 393860                     /home/samong/.m2/repository/org/apache/maven/reporting/maven-reporting-api/2.0.6/maven-reporting-api-2.0.6.jar
7f3cbdfb7000-7f3cbdfb9000 r--s 00006000 08:02 9177816                    /home/samong/.m2/repository/org/apache/maven/plugins/maven-resources-plugin/2.6/maven-resources-plugin-2.6.jar
7f3cbdfb9000-7f3cbdfbd000 r--s 00034000 08:02 9966707                    /home/samong/.m2/repository/org/codehaus/plexus/plexus-utils/3.0/plexus-utils-3.0.jar
7f3cbdfbd000-7f3cbdfbf000 r--s 00005000 08:02 6956074                    /home/samong/.m2/repository/org/apache/maven/plugins/maven-clean-plugin/2.5/maven-clean-plugin-2.5.jar
7f3cbdfbf000-7f3cbdfc3000 r--s 0004f000 08:02 6957958                    /usr/lib/jvm/java-7-openjdk-amd64/jre/lib/jsse.jar
7f3cbdfc3000-7f3cbdfda000 r-xp 00000000 08:02 6957899                    /usr/lib/jvm/java-7-openjdk-amd64/jre/lib/amd64/libnet.so
7f3cbdfda000-7f3cbe1d9000 ---p 00017000 08:02 6957899                    /usr/lib/jvm/java-7-openjdk-amd64/jre/lib/amd64/libnet.so
7f3cbe1d9000-7f3cbe1da000 r--p 00016000 08:02 6957899                    /usr/lib/jvm/java-7-openjdk-amd64/jre/lib/amd64/libnet.so
7f3cbe1da000-7f3cbe1db000 rw-p 00017000 08:02 6957899                    /usr/lib/jvm/java-7-openjdk-amd64/jre/lib/amd64/libnet.so
7f3cbe1db000-7f3cbe1eb000 r-xp 00000000 08:02 6957923                    /usr/lib/jvm/java-7-openjdk-amd64/jre/lib/amd64/libnio.so
7f3cbe1eb000-7f3cbe3eb000 ---p 00010000 08:02 6957923                    /usr/lib/jvm/java-7-openjdk-amd64/jre/lib/amd64/libnio.so
7f3cbe3eb000-7f3cbe3ec000 r--p 00010000 08:02 6957923                    /usr/lib/jvm/java-7-openjdk-amd64/jre/lib/amd64/libnio.so
7f3cbe3ec000-7f3cbe3ed000 rw-p 00011000 08:02 6957923                    /usr/lib/jvm/java-7-openjdk-amd64/jre/lib/amd64/libnio.so
7f3cbe3ed000-7f3cbe3ef000 r--s 00007000 08:02 7348461                    /usr/share/java/maven3-settings-builder-3.0.5.jar
7f3cbe3ef000-7f3cbe3f5000 r--s 0003e000 08:02 7348462                    /usr/share/java/maven3-compat-3.0.5.jar
7f3cbe3f5000-7f3cbe3f7000 r--s 00005000 08:02 7348459                    /usr/share/java/maven3-repository-metadata-3.0.5.jar
7f3cbe3f7000-7f3cbe3fe000 r--s 00040000 08:02 7348323                    /usr/share/java/sisu-inject-bean.jar
7f3cbe3fe000-7f3cbe400000 r--s 00008000 08:02 7348457                    /usr/share/java/maven3-embedder-3.0.5.jar
7f3cbe400000-7f3cbe402000 r--s 0000a000 08:02 7348460                    /usr/share/java/maven3-artifact-3.0.5.jar
7f3cbe402000-7f3cbe404000 r--s 00000000 08:02 7348303                    /usr/share/java/plexus-component-annotations-1.5-1.5.5.jar
7f3cbe404000-7f3cbe406000 r--s 00002000 08:02 7348141                    /usr/share/java/plexus-cipher.jar
7f3cbe406000-7f3cbe408000 r--s 00006000 08:02 10098111                   /usr/share/maven-repo/org/sonatype/aether/aether-connector-wagon/1.13.1/aether-connector-wagon-1.13.1.jar
7f3cbe408000-7f3cbe409000 r--s 00001000 08:02 7348427                    /usr/share/java/wagon-file-2.x.jar
7f3cbe409000-7f3cbe40a000 ---p 00000000 00:00 0 
7f3cbe40a000-7f3cbe50a000 rw-p 00000000 00:00 0 
7f3cbe50a000-7f3cbe50d000 ---p 00000000 00:00 0 
7f3cbe50d000-7f3cbe60b000 rw-p 00000000 00:00 0 
7f3cbe60b000-7f3cbe60e000 ---p 00000000 00:00 0 
7f3cbe60e000-7f3cbe70c000 rw-p 00000000 00:00 0 
7f3cbe70c000-7f3cbe70f000 ---p 00000000 00:00 0 
7f3cbe70f000-7f3cbe80d000 rw-p 00000000 00:00 0 
7f3cbe80d000-7f3cbe810000 ---p 00000000 00:00 0 
7f3cbe810000-7f3cbe90e000 rw-p 00000000 00:00 0 
7f3cbe90e000-7f3cbeff0000 r--p 00000000 08:02 6953893                    /usr/lib/locale/locale-archive
7f3cbeff0000-7f3cbeff3000 ---p 00000000 00:00 0 
7f3cbeff3000-7f3cbf0f1000 rw-p 00000000 00:00 0 
7f3cbf0f1000-7f3cbf0f4000 ---p 00000000 00:00 0 
7f3cbf0f4000-7f3cbf1f2000 rw-p 00000000 00:00 0 
7f3cbf1f2000-7f3cbf1f3000 ---p 00000000 00:00 0 
7f3cbf1f3000-7f3cc0000000 rw-p 00000000 00:00 0 
7f3cc0000000-7f3cc0021000 rw-p 00000000 00:00 0 
7f3cc0021000-7f3cc4000000 ---p 00000000 00:00 0 
7f3cc4000000-7f3cc4003000 r--s 0001d000 08:02 10098105                   /usr/share/maven-repo/org/sonatype/aether/aether-impl/1.13.1/aether-impl-1.13.1.jar
7f3cc4003000-7f3cc4007000 r--s 0001c000 08:02 9701710                    /usr/share/maven-repo/org/sonatype/aether/aether-util/1.13.1/aether-util-1.13.1.jar
7f3cc4007000-7f3cc4013000 r--s 00082000 08:02 7348314                    /usr/share/java/sisu-guice.jar
7f3cc4013000-7f3cc4014000 r--s 00003000 08:02 10098088                   /usr/share/maven-repo/org/sonatype/aether/aether-spi/1.13.1/aether-spi-1.13.1.jar
7f3cc4014000-7f3cc4016000 r--s 00009000 08:02 7348458                    /usr/share/java/maven3-settings-3.0.5.jar
7f3cc4016000-7f3cc401a000 r--s 00020000 08:02 7348464                    /usr/share/java/maven3-model-builder-3.0.5.jar
7f3cc401a000-7f3cc4026000 r--s 0007c000 08:02 7348456                    /usr/share/java/maven3-core-3.0.5.jar
7f3cc4026000-7f3cc4042000 r--s 00110000 08:02 7348434                    /usr/share/java/wagon-http-shaded-2.x.jar
7f3cc4042000-7f3cc406b000 r--s 001e9000 08:02 7348010                    /usr/share/java/guava.jar
7f3cc406b000-7f3cc8000000 rw-p 00000000 00:00 0 
7f3cc8000000-7f3cc802b000 rw-p 00000000 00:00 0 
7f3cc802b000-7f3ccc000000 ---p 00000000 00:00 0 
7f3ccc000000-7f3ccc002000 r--s 0000b000 08:02 7348454                    /usr/share/java/maven3-aether-provider-3.0.5.jar
7f3ccc002000-7f3ccc004000 r--s 00009000 08:02 7348463                    /usr/share/java/maven3-plugin-api-3.0.5.jar
7f3ccc004000-7f3ccc24f000 rw-p 00000000 00:00 0 
7f3ccc24f000-7f3ccc401000 r--s 01d32000 08:02 6957938                    /usr/lib/jvm/java-7-openjdk-amd64/jre/lib/rt.jar
7f3ccc401000-7f3ccc7f8000 rw-p 00000000 00:00 0 
7f3ccc7f8000-7f3ccc7f9000 ---p 00000000 00:00 0 
7f3ccc7f9000-7f3ccc8f9000 rw-p 00000000 00:00 0 
7f3ccc8f9000-7f3ccc8fa000 ---p 00000000 00:00 0 
7f3ccc8fa000-7f3ccc9fa000 rw-p 00000000 00:00 0 
7f3ccc9fa000-7f3ccc9fb000 ---p 00000000 00:00 0 
7f3ccc9fb000-7f3cccafb000 rw-p 00000000 00:00 0 
7f3cccafb000-7f3cccafc000 ---p 00000000 00:00 0 
7f3cccafc000-7f3cccbfc000 rw-p 00000000 00:00 0 
7f3cccbfc000-7f3cccbfd000 ---p 00000000 00:00 0 
7f3cccbfd000-7f3ccccfd000 rw-p 00000000 00:00 0 
7f3ccccfd000-7f3ccccfe000 ---p 00000000 00:00 0 
7f3ccccfe000-7f3cccdfe000 rw-p 00000000 00:00 0 
7f3cccdfe000-7f3cccdff000 ---p 00000000 00:00 0 
7f3cccdff000-7f3ccceff000 rw-p 00000000 00:00 0 
7f3ccceff000-7f3cccf00000 ---p 00000000 00:00 0 
7f3cccf00000-7f3ccd000000 rw-p 00000000 00:00 0 
7f3ccd000000-7f3ccd5e0000 rwxp 00000000 00:00 0 
7f3ccd5e0000-7f3cd0da0000 rw-p 00000000 00:00 0 
7f3cd0da0000-7f3cd4000000 ---p 00000000 00:00 0 
7f3cd4000000-7f3cd4007000 r--s 0003b000 08:02 7348026                    /usr/share/java/commons-codec-1.9.jar
7f3cd4007000-7f3cd400c000 r--s 00044000 08:02 7348145                    /usr/share/java/commons-httpclient-3.1.jar
7f3cd400c000-7f3cd4075000 rw-p 00000000 00:00 0 
7f3cd4075000-7f3cd40a7000 rw-p 00000000 00:00 0 
7f3cd40a7000-7f3cd40c5000 rw-p 00000000 00:00 0 
7f3cd40c5000-7f3cd4289000 rw-p 00000000 00:00 0 
7f3cd4289000-7f3cd42aa000 rw-p 00000000 00:00 0 
7f3cd42aa000-7f3cd42dc000 rw-p 00000000 00:00 0 
7f3cd42dc000-7f3cd42fa000 rw-p 00000000 00:00 0 
7f3cd42fa000-7f3cd44be000 rw-p 00000000 00:00 0 
7f3cd44be000-7f3cd4595000 rw-p 00000000 00:00 0 
7f3cd4595000-7f3cd45af000 rw-p 00000000 00:00 0 
7f3cd45af000-7f3cd45b0000 rw-p 00000000 00:00 0 
7f3cd45b0000-7f3cd45b8000 r-xp 00000000 08:02 6957905                    /usr/lib/jvm/java-7-openjdk-amd64/jre/lib/amd64/libzip.so
7f3cd45b8000-7f3cd47b7000 ---p 00008000 08:02 6957905                    /usr/lib/jvm/java-7-openjdk-amd64/jre/lib/amd64/libzip.so
7f3cd47b7000-7f3cd47b8000 r--p 00007000 08:02 6957905                    /usr/lib/jvm/java-7-openjdk-amd64/jre/lib/amd64/libzip.so
7f3cd47b8000-7f3cd47b9000 rw-p 00008000 08:02 6957905                    /usr/lib/jvm/java-7-openjdk-amd64/jre/lib/amd64/libzip.so
7f3cd47b9000-7f3cd47c3000 r-xp 00000000 08:02 8525697                    /lib/x86_64-linux-gnu/libnss_files-2.19.so
7f3cd47c3000-7f3cd49c2000 ---p 0000a000 08:02 8525697                    /lib/x86_64-linux-gnu/libnss_files-2.19.so
7f3cd49c2000-7f3cd49c3000 r--p 00009000 08:02 8525697                    /lib/x86_64-linux-gnu/libnss_files-2.19.so
7f3cd49c3000-7f3cd49c4000 rw-p 0000a000 08:02 8525697                    /lib/x86_64-linux-gnu/libnss_files-2.19.so
7f3cd49c4000-7f3cd49cf000 r-xp 00000000 08:02 8525689                    /lib/x86_64-linux-gnu/libnss_nis-2.19.so
7f3cd49cf000-7f3cd4bce000 ---p 0000b000 08:02 8525689                    /lib/x86_64-linux-gnu/libnss_nis-2.19.so
7f3cd4bce000-7f3cd4bcf000 r--p 0000a000 08:02 8525689                    /lib/x86_64-linux-gnu/libnss_nis-2.19.so
7f3cd4bcf000-7f3cd4bd0000 rw-p 0000b000 08:02 8525689                    /lib/x86_64-linux-gnu/libnss_nis-2.19.so
7f3cd4bd0000-7f3cd4be7000 r-xp 00000000 08:02 8525685                    /lib/x86_64-linux-gnu/libnsl-2.19.so
7f3cd4be7000-7f3cd4de6000 ---p 00017000 08:02 8525685                    /lib/x86_64-linux-gnu/libnsl-2.19.so
7f3cd4de6000-7f3cd4de7000 r--p 00016000 08:02 8525685                    /lib/x86_64-linux-gnu/libnsl-2.19.so
7f3cd4de7000-7f3cd4de8000 rw-p 00017000 08:02 8525685                    /lib/x86_64-linux-gnu/libnsl-2.19.so
7f3cd4de8000-7f3cd4dea000 rw-p 00000000 00:00 0 
7f3cd4dea000-7f3cd4df3000 r-xp 00000000 08:02 8525684                    /lib/x86_64-linux-gnu/libnss_compat-2.19.so
7f3cd4df3000-7f3cd4ff2000 ---p 00009000 08:02 8525684                    /lib/x86_64-linux-gnu/libnss_compat-2.19.so
7f3cd4ff2000-7f3cd4ff3000 r--p 00008000 08:02 8525684                    /lib/x86_64-linux-gnu/libnss_compat-2.19.so
7f3cd4ff3000-7f3cd4ff4000 rw-p 00009000 08:02 8525684                    /lib/x86_64-linux-gnu/libnss_compat-2.19.so
7f3cd4ff4000-7f3cd501f000 r-xp 00000000 08:02 6957890                    /usr/lib/jvm/java-7-openjdk-amd64/jre/lib/amd64/libjava.so
7f3cd501f000-7f3cd521f000 ---p 0002b000 08:02 6957890                    /usr/lib/jvm/java-7-openjdk-amd64/jre/lib/amd64/libjava.so
7f3cd521f000-7f3cd5220000 r--p 0002b000 08:02 6957890                    /usr/lib/jvm/java-7-openjdk-amd64/jre/lib/amd64/libjava.so
7f3cd5220000-7f3cd5222000 rw-p 0002c000 08:02 6957890                    /usr/lib/jvm/java-7-openjdk-amd64/jre/lib/amd64/libjava.so
7f3cd5222000-7f3cd5232000 r-xp 00000000 08:02 6957891                    /usr/lib/jvm/java-7-openjdk-amd64/jre/lib/amd64/libverify.so
7f3cd5232000-7f3cd5431000 ---p 00010000 08:02 6957891                    /usr/lib/jvm/java-7-openjdk-amd64/jre/lib/amd64/libverify.so
7f3cd5431000-7f3cd5433000 r--p 0000f000 08:02 6957891                    /usr/lib/jvm/java-7-openjdk-amd64/jre/lib/amd64/libverify.so
7f3cd5433000-7f3cd5434000 rw-p 00011000 08:02 6957891                    /usr/lib/jvm/java-7-openjdk-amd64/jre/lib/amd64/libverify.so
7f3cd5434000-7f3cd543b000 r-xp 00000000 08:02 8525693                    /lib/x86_64-linux-gnu/librt-2.19.so
7f3cd543b000-7f3cd563a000 ---p 00007000 08:02 8525693                    /lib/x86_64-linux-gnu/librt-2.19.so
7f3cd563a000-7f3cd563b000 r--p 00006000 08:02 8525693                    /lib/x86_64-linux-gnu/librt-2.19.so
7f3cd563b000-7f3cd563c000 rw-p 00007000 08:02 8525693                    /lib/x86_64-linux-gnu/librt-2.19.so
7f3cd563c000-7f3cd5652000 r-xp 00000000 08:02 8524041                    /lib/x86_64-linux-gnu/libgcc_s.so.1
7f3cd5652000-7f3cd5851000 ---p 00016000 08:02 8524041                    /lib/x86_64-linux-gnu/libgcc_s.so.1
7f3cd5851000-7f3cd5852000 rw-p 00015000 08:02 8524041                    /lib/x86_64-linux-gnu/libgcc_s.so.1
7f3cd5852000-7f3cd5957000 r-xp 00000000 08:02 8523974                    /lib/x86_64-linux-gnu/libm-2.19.so
7f3cd5957000-7f3cd5b56000 ---p 00105000 08:02 8523974                    /lib/x86_64-linux-gnu/libm-2.19.so
7f3cd5b56000-7f3cd5b57000 r--p 00104000 08:02 8523974                    /lib/x86_64-linux-gnu/libm-2.19.so
7f3cd5b57000-7f3cd5b58000 rw-p 00105000 08:02 8523974                    /lib/x86_64-linux-gnu/libm-2.19.so
7f3cd5b58000-7f3cd5c3e000 r-xp 00000000 08:02 6946994                    /usr/lib/x86_64-linux-gnu/libstdc++.so.6.0.19
7f3cd5c3e000-7f3cd5e3d000 ---p 000e6000 08:02 6946994                    /usr/lib/x86_64-linux-gnu/libstdc++.so.6.0.19
7f3cd5e3d000-7f3cd5e45000 r--p 000e5000 08:02 6946994                    /usr/lib/x86_64-linux-gnu/libstdc++.so.6.0.19
7f3cd5e45000-7f3cd5e47000 rw-p 000ed000 08:02 6946994                    /usr/lib/x86_64-linux-gnu/libstdc++.so.6.0.19
7f3cd5e47000-7f3cd5e5c000 rw-p 00000000 00:00 0 
7f3cd5e5c000-7f3cd6981000 r-xp 00000000 08:02 6957903                    /usr/lib/jvm/java-7-openjdk-amd64/jre/lib/amd64/server/libjvm.so
7f3cd6981000-7f3cd6b81000 ---p 00b25000 08:02 6957903                    /usr/lib/jvm/java-7-openjdk-amd64/jre/lib/amd64/server/libjvm.so
7f3cd6b81000-7f3cd6c1b000 r--p 00b25000 08:02 6957903                    /usr/lib/jvm/java-7-openjdk-amd64/jre/lib/amd64/server/libjvm.so
7f3cd6c1b000-7f3cd6c3e000 rw-p 00bbf000 08:02 6957903                    /usr/lib/jvm/java-7-openjdk-amd64/jre/lib/amd64/server/libjvm.so
7f3cd6c3e000-7f3cd6c6d000 rw-p 00000000 00:00 0 
7f3cd6c6d000-7f3cd6c85000 r-xp 00000000 08:02 8524177                    /lib/x86_64-linux-gnu/libz.so.1.2.8
7f3cd6c85000-7f3cd6e84000 ---p 00018000 08:02 8524177                    /lib/x86_64-linux-gnu/libz.so.1.2.8
7f3cd6e84000-7f3cd6e85000 r--p 00017000 08:02 8524177                    /lib/x86_64-linux-gnu/libz.so.1.2.8
7f3cd6e85000-7f3cd6e86000 rw-p 00018000 08:02 8524177                    /lib/x86_64-linux-gnu/libz.so.1.2.8
7f3cd6e86000-7f3cd6e9f000 r-xp 00000000 08:02 8525686                    /lib/x86_64-linux-gnu/libpthread-2.19.so
7f3cd6e9f000-7f3cd709e000 ---p 00019000 08:02 8525686                    /lib/x86_64-linux-gnu/libpthread-2.19.so
7f3cd709e000-7f3cd709f000 r--p 00018000 08:02 8525686                    /lib/x86_64-linux-gnu/libpthread-2.19.so
7f3cd709f000-7f3cd70a0000 rw-p 00019000 08:02 8525686                    /lib/x86_64-linux-gnu/libpthread-2.19.so
7f3cd70a0000-7f3cd70a4000 rw-p 00000000 00:00 0 
7f3cd70a4000-7f3cd70a7000 r-xp 00000000 08:02 8524035                    /lib/x86_64-linux-gnu/libdl-2.19.so
7f3cd70a7000-7f3cd72a6000 ---p 00003000 08:02 8524035                    /lib/x86_64-linux-gnu/libdl-2.19.so
7f3cd72a6000-7f3cd72a7000 r--p 00002000 08:02 8524035                    /lib/x86_64-linux-gnu/libdl-2.19.so
7f3cd72a7000-7f3cd72a8000 rw-p 00003000 08:02 8524035                    /lib/x86_64-linux-gnu/libdl-2.19.so
7f3cd72a8000-7f3cd7462000 r-xp 00000000 08:02 8525694                    /lib/x86_64-linux-gnu/libc-2.19.so
7f3cd7462000-7f3cd7662000 ---p 001ba000 08:02 8525694                    /lib/x86_64-linux-gnu/libc-2.19.so
7f3cd7662000-7f3cd7666000 r--p 001ba000 08:02 8525694                    /lib/x86_64-linux-gnu/libc-2.19.so
7f3cd7666000-7f3cd7668000 rw-p 001be000 08:02 8525694                    /lib/x86_64-linux-gnu/libc-2.19.so
7f3cd7668000-7f3cd766d000 rw-p 00000000 00:00 0 
7f3cd766d000-7f3cd767a000 r-xp 00000000 08:02 6957920                    /usr/lib/jvm/java-7-openjdk-amd64/jre/lib/amd64/jli/libjli.so
7f3cd767a000-7f3cd7879000 ---p 0000d000 08:02 6957920                    /usr/lib/jvm/java-7-openjdk-amd64/jre/lib/amd64/jli/libjli.so
7f3cd7879000-7f3cd787a000 r--p 0000c000 08:02 6957920                    /usr/lib/jvm/java-7-openjdk-amd64/jre/lib/amd64/jli/libjli.so
7f3cd787a000-7f3cd787b000 rw-p 0000d000 08:02 6957920                    /usr/lib/jvm/java-7-openjdk-amd64/jre/lib/amd64/jli/libjli.so
7f3cd787b000-7f3cd789e000 r-xp 00000000 08:02 8525687                    /lib/x86_64-linux-gnu/ld-2.19.so
7f3cd789e000-7f3cd789f000 r--s 00006000 08:02 7348143                    /usr/share/java/plexus-sec-dispatcher.jar
7f3cd789f000-7f3cd78a0000 r--s 0000d000 08:02 7347875                    /usr/share/java/commons-logging-1.1.3.jar
7f3cd78a0000-7f3cd78a4000 r--s 00033000 08:02 7348296                    /usr/share/java/plexus-utils2-2.0.5.jar
7f3cd78a4000-7f3cd78a6000 r--s 0000a000 08:02 7348426                    /usr/share/java/wagon-provider-api-2.x.jar
7f3cd78a6000-7f3cd78ac000 r--s 0002c000 08:02 7348318                    /usr/share/java/sisu-inject-plexus.jar
7f3cd78ac000-7f3cd78af000 r--s 00013000 08:02 10098093                   /usr/share/maven-repo/org/sonatype/aether/aether-api/1.13.1/aether-api-1.13.1.jar
7f3cd78af000-7f3cd78b1000 r--s 00025000 08:02 7348455                    /usr/share/java/maven3-model-3.0.5.jar
7f3cd78b1000-7f3cd78b3000 r--s 0000e000 08:02 7348038                    /usr/share/java/plexus-interpolation.jar
7f3cd78b3000-7f3cd78b5000 r--s 00007000 08:02 7348002                    /usr/share/java/commons-cli-1.2.jar
7f3cd78b5000-7f3cd78b8000 r--s 0000f000 08:02 6957954                    /usr/lib/jvm/java-7-openjdk-amd64/jre/lib/ext/icedtea-sound.jar
7f3cd78b8000-7f3cd78d0000 rw-p 00000000 00:00 0 
7f3cd78d0000-7f3cd7978000 rw-p 00000000 00:00 0 
7f3cd7978000-7f3cd797b000 ---p 00000000 00:00 0 
7f3cd797b000-7f3cd7a7e000 rw-p 00000000 00:00 0 
7f3cd7a7e000-7f3cd7a80000 r--s 0000a000 08:02 7347982                    /usr/share/java/plexus-classworlds2-2.5.1.jar
7f3cd7a80000-7f3cd7a84000 r--s 00085000 08:02 6957955                    /usr/lib/jvm/java-7-openjdk-amd64/jre/lib/ext/localedata.jar
7f3cd7a84000-7f3cd7a88000 r--s 00034000 08:02 6957953                    /usr/lib/jvm/java-7-openjdk-amd64/jre/lib/ext/sunjce_provider.jar
7f3cd7a88000-7f3cd7a89000 r--s 00002000 08:02 6957951                    /usr/lib/jvm/java-7-openjdk-amd64/jre/lib/ext/dnsns.jar
7f3cd7a89000-7f3cd7a8b000 r--s 00006000 08:02 7343157                    /usr/share/java/java-atk-wrapper.jar
7f3cd7a8b000-7f3cd7a8f000 r--s 0003c000 08:02 6957956                    /usr/lib/jvm/java-7-openjdk-amd64/jre/lib/ext/sunpkcs11.jar
7f3cd7a8f000-7f3cd7a91000 r--s 00012000 08:02 6957952                    /usr/lib/jvm/java-7-openjdk-amd64/jre/lib/ext/zipfs.jar
7f3cd7a91000-7f3cd7a99000 rw-s 00000000 08:02 2624438                    /tmp/hsperfdata_samong/24315
7f3cd7a99000-7f3cd7a9a000 rw-p 00000000 00:00 0 
7f3cd7a9a000-7f3cd7a9b000 ---p 00000000 00:00 0 
7f3cd7a9b000-7f3cd7a9d000 rw-p 00000000 00:00 0 
7f3cd7a9d000-7f3cd7a9e000 r--p 00022000 08:02 8525687                    /lib/x86_64-linux-gnu/ld-2.19.so
7f3cd7a9e000-7f3cd7a9f000 rw-p 00023000 08:02 8525687                    /lib/x86_64-linux-gnu/ld-2.19.so
7f3cd7a9f000-7f3cd7aa0000 rw-p 00000000 00:00 0 
7ffe424ce000-7ffe424ef000 rw-p 00000000 00:00 0                          [stack]
7ffe42515000-7ffe42517000 r--p 00000000 00:00 0                          [vvar]
7ffe42517000-7ffe42519000 r-xp 00000000 00:00 0                          [vdso]
ffffffffff600000-ffffffffff601000 r-xp 00000000 00:00 0                  [vsyscall]

VM Arguments:
jvm_args: -Dclassworlds.conf=/usr/share/maven/bin/m2.conf -Dmaven.home=/usr/share/maven 
java_command: org.codehaus.plexus.classworlds.launcher.Launcher clean spring-boot:run
Launcher Type: SUN_STANDARD

Environment Variables:
JAVA_HOME=/usr/lib/jvm/java-7-openjdk-amd64
PATH=/home/samong/.sdkman/candidates/groovy/current/bin:/home/samong/.sdkman/candidates/grails/current/bin:/usr/local/sbin:/usr/local/bin:/usr/sbin:/usr/bin:/sbin:/bin:/usr/games:/usr/local/games
SHELL=/usr/bin/zsh
DISPLAY=:0

Signal Handlers:
SIGSEGV: [libjvm.so+0x9561e0], sa_mask[0]=0x7ffbfeff, sa_flags=0x10000004
SIGBUS: [libjvm.so+0x9561e0], sa_mask[0]=0x7ffbfeff, sa_flags=0x10000004
SIGFPE: [libjvm.so+0x7cc4d0], sa_mask[0]=0x7ffbfeff, sa_flags=0x10000004
SIGPIPE: [libjvm.so+0x7cc4d0], sa_mask[0]=0x7ffbfeff, sa_flags=0x10000004
SIGXFSZ: [libjvm.so+0x7cc4d0], sa_mask[0]=0x7ffbfeff, sa_flags=0x10000004
SIGILL: [libjvm.so+0x7cc4d0], sa_mask[0]=0x7ffbfeff, sa_flags=0x10000004
SIGUSR1: SIG_DFL, sa_mask[0]=0x00000000, sa_flags=0x00000000
SIGUSR2: [libjvm.so+0x7cc370], sa_mask[0]=0x00000000, sa_flags=0x10000004
SIGHUP: [libjvm.so+0x7cc550], sa_mask[0]=0x7ffbfeff, sa_flags=0x10000004
SIGINT: [libjvm.so+0x7cc550], sa_mask[0]=0x7ffbfeff, sa_flags=0x10000004
SIGTERM: [libjvm.so+0x7cc550], sa_mask[0]=0x7ffbfeff, sa_flags=0x10000004
SIGQUIT: [libjvm.so+0x7cc550], sa_mask[0]=0x7ffbfeff, sa_flags=0x10000004
SIGTRAP: SIG_DFL, sa_mask[0]=0x00000000, sa_flags=0x00000000


---------------  S Y S T E M  ---------------

OS:Ubuntu 14.04 (trusty)
uname:Linux 4.2.0-42-generic #49~14.04.1-Ubuntu SMP Wed Jun 29 20:22:11 UTC 2016 x86_64
libc:glibc 2.19 NPTL 2.19 
rlimit: STACK 8192k, CORE 0k, NPROC 22819, NOFILE 4096, AS infinity
load average:4.97 2.35 1.73

/proc/meminfo:
MemTotal:        5919496 kB
MemFree:           95056 kB
MemAvailable:      51424 kB
Buffers:             544 kB
Cached:           780000 kB
SwapCached:          416 kB
Active:          4397372 kB
Inactive:        1112536 kB
Active(anon):    4377940 kB
Inactive(anon):  1094464 kB
Active(file):      19432 kB
Inactive(file):    18072 kB
Unevictable:         192 kB
Mlocked:             192 kB
SwapTotal:       6097916 kB
SwapFree:              0 kB
Dirty:                 4 kB
Writeback:             0 kB
AnonPages:       4728544 kB
Mapped:            48480 kB
Shmem:            743996 kB
Slab:             106752 kB
SReclaimable:      44176 kB
SUnreclaim:        62576 kB
KernelStack:       22528 kB
PageTables:       112344 kB
NFS_Unstable:          0 kB
Bounce:                0 kB
WritebackTmp:          0 kB
CommitLimit:     9057664 kB
Committed_AS:   27892868 kB
VmallocTotal:   34359738367 kB
VmallocUsed:      383884 kB
VmallocChunk:   34358947836 kB
HardwareCorrupted:     0 kB
AnonHugePages:    641024 kB
CmaTotal:              0 kB
CmaFree:               0 kB
HugePages_Total:       0
HugePages_Free:        0
HugePages_Rsvd:        0
HugePages_Surp:        0
Hugepagesize:       2048 kB
DirectMap4k:      271952 kB
DirectMap2M:     5826560 kB


CPU:total 8 (4 cores per cpu, 2 threads per core) family 6 model 42 stepping 7, cmov, cx8, fxsr, mmx, sse, sse2, sse3, ssse3, sse4.1, sse4.2, popcnt, avx, aes, ht, tsc, tscinvbit

/proc/cpuinfo:
processor	: 0
vendor_id	: GenuineIntel
cpu family	: 6
model		: 42
model name	: Intel(R) Core(TM) i7-2670QM CPU @ 2.20GHz
stepping	: 7
microcode	: 0x23
cpu MHz		: 2199.914
cache size	: 6144 KB
physical id	: 0
siblings	: 8
core id		: 0
cpu cores	: 4
apicid		: 0
initial apicid	: 0
fpu		: yes
fpu_exception	: yes
cpuid level	: 13
wp		: yes
flags		: fpu vme de pse tsc msr pae mce cx8 apic sep mtrr pge mca cmov pat pse36 clflush dts acpi mmx fxsr sse sse2 ss ht tm pbe syscall nx rdtscp lm constant_tsc arch_perfmon pebs bts nopl xtopology nonstop_tsc aperfmperf eagerfpu pni pclmulqdq dtes64 monitor ds_cpl vmx est tm2 ssse3 cx16 xtpr pdcm pcid sse4_1 sse4_2 x2apic popcnt tsc_deadline_timer aes xsave avx lahf_lm ida arat epb pln pts dtherm tpr_shadow vnmi flexpriority ept vpid xsaveopt
bugs		:
bogomips	: 4390.03
clflush size	: 64
cache_alignment	: 64
address sizes	: 36 bits physical, 48 bits virtual
power management:

processor	: 1
vendor_id	: GenuineIntel
cpu family	: 6
model		: 42
model name	: Intel(R) Core(TM) i7-2670QM CPU @ 2.20GHz
stepping	: 7
microcode	: 0x23
cpu MHz		: 2199.914
cache size	: 6144 KB
physical id	: 0
siblings	: 8
core id		: 0
cpu cores	: 4
apicid		: 1
initial apicid	: 1
fpu		: yes
fpu_exception	: yes
cpuid level	: 13
wp		: yes
flags		: fpu vme de pse tsc msr pae mce cx8 apic sep mtrr pge mca cmov pat pse36 clflush dts acpi mmx fxsr sse sse2 ss ht tm pbe syscall nx rdtscp lm constant_tsc arch_perfmon pebs bts nopl xtopology nonstop_tsc aperfmperf eagerfpu pni pclmulqdq dtes64 monitor ds_cpl vmx est tm2 ssse3 cx16 xtpr pdcm pcid sse4_1 sse4_2 x2apic popcnt tsc_deadline_timer aes xsave avx lahf_lm arat epb pln pts dtherm tpr_shadow vnmi flexpriority ept vpid xsaveopt
bugs		:
bogomips	: 4390.03
clflush size	: 64
cache_alignment	: 64
address sizes	: 36 bits physical, 48 bits virtual
power management:

processor	: 2
vendor_id	: GenuineIntel
cpu family	: 6
model		: 42
model name	: Intel(R) Core(TM) i7-2670QM CPU @ 2.20GHz
stepping	: 7
microcode	: 0x23
cpu MHz		: 2200.000
cache size	: 6144 KB
physical id	: 0
siblings	: 8
core id		: 1
cpu cores	: 4
apicid		: 2
initial apicid	: 2
fpu		: yes
fpu_exception	: yes
cpuid level	: 13
wp		: yes
flags		: fpu vme de pse tsc msr pae mce cx8 apic sep mtrr pge mca cmov pat pse36 clflush dts acpi mmx fxsr sse sse2 ss ht tm pbe syscall nx rdtscp lm constant_tsc arch_perfmon pebs bts nopl xtopology nonstop_tsc aperfmperf eagerfpu pni pclmulqdq dtes64 monitor ds_cpl vmx est tm2 ssse3 cx16 xtpr pdcm pcid sse4_1 sse4_2 x2apic popcnt tsc_deadline_timer aes xsave avx lahf_lm arat epb pln pts dtherm tpr_shadow vnmi flexpriority ept vpid xsaveopt
bugs		:
bogomips	: 4390.03
clflush size	: 64
cache_alignment	: 64
address sizes	: 36 bits physical, 48 bits virtual
power management:

processor	: 3
vendor_id	: GenuineIntel
cpu family	: 6
model		: 42
model name	: Intel(R) Core(TM) i7-2670QM CPU @ 2.20GHz
stepping	: 7
microcode	: 0x23
cpu MHz		: 2199.914
cache size	: 6144 KB
physical id	: 0
siblings	: 8
core id		: 1
cpu cores	: 4
apicid		: 3
initial apicid	: 3
fpu		: yes
fpu_exception	: yes
cpuid level	: 13
wp		: yes
flags		: fpu vme de pse tsc msr pae mce cx8 apic sep mtrr pge mca cmov pat pse36 clflush dts acpi mmx fxsr sse sse2 ss ht tm pbe syscall nx rdtscp lm constant_tsc arch_perfmon pebs bts nopl xtopology nonstop_tsc aperfmperf eagerfpu pni pclmulqdq dtes64 monitor ds_cpl vmx est tm2 ssse3 cx16 xtpr pdcm pcid sse4_1 sse4_2 x2apic popcnt tsc_deadline_timer aes xsave avx lahf_lm arat epb pln pts dtherm tpr_shadow vnmi flexpriority ept vpid xsaveopt
bugs		:
bogomips	: 4390.03
clflush size	: 64
cache_alignment	: 64
address sizes	: 36 bits physical, 48 bits virtual
power management:

processor	: 4
vendor_id	: GenuineIntel
cpu family	: 6
model		: 42
model name	: Intel(R) Core(TM) i7-2670QM CPU @ 2.20GHz
stepping	: 7
microcode	: 0x23
cpu MHz		: 2199.914
cache size	: 6144 KB
physical id	: 0
siblings	: 8
core id		: 2
cpu cores	: 4
apicid		: 4
initial apicid	: 4
fpu		: yes
fpu_exception	: yes
cpuid level	: 13
wp		: yes
flags		: fpu vme de pse tsc msr pae mce cx8 apic sep mtrr pge mca cmov pat pse36 clflush dts acpi mmx fxsr sse sse2 ss ht tm pbe syscall nx rdtscp lm constant_tsc arch_perfmon pebs bts nopl xtopology nonstop_tsc aperfmperf eagerfpu pni pclmulqdq dtes64 monitor ds_cpl vmx est tm2 ssse3 cx16 xtpr pdcm pcid sse4_1 sse4_2 x2apic popcnt tsc_deadline_timer aes xsave avx lahf_lm arat epb pln pts dtherm tpr_shadow vnmi flexpriority ept vpid xsaveopt
bugs		:
bogomips	: 4390.03
clflush size	: 64
cache_alignment	: 64
address sizes	: 36 bits physical, 48 bits virtual
power management:

processor	: 5
vendor_id	: GenuineIntel
cpu family	: 6
model		: 42
model name	: Intel(R) Core(TM) i7-2670QM CPU @ 2.20GHz
stepping	: 7
microcode	: 0x23
cpu MHz		: 2200.000
cache size	: 6144 KB
physical id	: 0
siblings	: 8
core id		: 2
cpu cores	: 4
apicid		: 5
initial apicid	: 5
fpu		: yes
fpu_exception	: yes
cpuid level	: 13
wp		: yes
flags		: fpu vme de pse tsc msr pae mce cx8 apic sep mtrr pge mca cmov pat pse36 clflush dts acpi mmx fxsr sse sse2 ss ht tm pbe syscall nx rdtscp lm constant_tsc arch_perfmon pebs bts nopl xtopology nonstop_tsc aperfmperf eagerfpu pni pclmulqdq dtes64 monitor ds_cpl vmx est tm2 ssse3 cx16 xtpr pdcm pcid sse4_1 sse4_2 x2apic popcnt tsc_deadline_timer aes xsave avx lahf_lm arat epb pln pts dtherm tpr_shadow vnmi flexpriority ept vpid xsaveopt
bugs		:
bogomips	: 4390.03
clflush size	: 64
cache_alignment	: 64
address sizes	: 36 bits physical, 48 bits virtual
power management:

processor	: 6
vendor_id	: GenuineIntel
cpu family	: 6
model		: 42
model name	: Intel(R) Core(TM) i7-2670QM CPU @ 2.20GHz
stepping	: 7
microcode	: 0x23
cpu MHz		: 2199.914
cache size	: 6144 KB
physical id	: 0
siblings	: 8
core id		: 3
cpu cores	: 4
apicid		: 6
initial apicid	: 6
fpu		: yes
fpu_exception	: yes
cpuid level	: 13
wp		: yes
flags		: fpu vme de pse tsc msr pae mce cx8 apic sep mtrr pge mca cmov pat pse36 clflush dts acpi mmx fxsr sse sse2 ss ht tm pbe syscall nx rdtscp lm constant_tsc arch_perfmon pebs bts nopl xtopology nonstop_tsc aperfmperf eagerfpu pni pclmulqdq dtes64 monitor ds_cpl vmx est tm2 ssse3 cx16 xtpr pdcm pcid sse4_1 sse4_2 x2apic popcnt tsc_deadline_timer aes xsave avx lahf_lm arat epb pln pts dtherm tpr_shadow vnmi flexpriority ept vpid xsaveopt
bugs		:
bogomips	: 4390.03
clflush size	: 64
cache_alignment	: 64
address sizes	: 36 bits physical, 48 bits virtual
power management:

processor	: 7
vendor_id	: GenuineIntel
cpu family	: 6
model		: 42
model name	: Intel(R) Core(TM) i7-2670QM CPU @ 2.20GHz
stepping	: 7
microcode	: 0x23
cpu MHz		: 2200.000
cache size	: 6144 KB
physical id	: 0
siblings	: 8
core id		: 3
cpu cores	: 4
apicid		: 7
initial apicid	: 7
fpu		: yes
fpu_exception	: yes
cpuid level	: 13
wp		: yes
flags		: fpu vme de pse tsc msr pae mce cx8 apic sep mtrr pge mca cmov pat pse36 clflush dts acpi mmx fxsr sse sse2 ss ht tm pbe syscall nx rdtscp lm constant_tsc arch_perfmon pebs bts nopl xtopology nonstop_tsc aperfmperf eagerfpu pni pclmulqdq dtes64 monitor ds_cpl vmx est tm2 ssse3 cx16 xtpr pdcm pcid sse4_1 sse4_2 x2apic popcnt tsc_deadline_timer aes xsave avx lahf_lm arat epb pln pts dtherm tpr_shadow vnmi flexpriority ept vpid xsaveopt
bugs		:
bogomips	: 4390.03
clflush size	: 64
cache_alignment	: 64
address sizes	: 36 bits physical, 48 bits virtual
power management:



Memory: 4k page, physical 5919496k(94788k free), swap 6097916k(0k free)

vm_info: OpenJDK 64-Bit Server VM (24.95-b01) for linux-amd64 JRE (1.7.0_101-b00), built on Apr 24 2016 20:39:29 by "buildd" with gcc 4.8.2

time: Mon Aug 15 18:57:30 2016
elapsed time: 37 seconds

